0 info it worked if it ends with ok
1 verbose cli [ '/home/dev/.nvm/versions/node/v6.3.0/bin/node',
1 verbose cli   '/home/dev/.nvm/versions/node/v6.3.0/bin/npm',
1 verbose cli   'update' ]
2 info using npm@3.10.3
3 info using node@v6.3.0
4 silly mapToRegistry name async
5 silly mapToRegistry using default registry
6 silly mapToRegistry registry https://registry.npmjs.org/
7 silly mapToRegistry data Result {
7 silly mapToRegistry   raw: 'async',
7 silly mapToRegistry   scope: null,
7 silly mapToRegistry   escapedName: 'async',
7 silly mapToRegistry   name: 'async',
7 silly mapToRegistry   rawSpec: '',
7 silly mapToRegistry   spec: 'latest',
7 silly mapToRegistry   type: 'tag' }
8 silly mapToRegistry uri https://registry.npmjs.org/async
9 silly mapToRegistry name base58-native
10 silly mapToRegistry using default registry
11 silly mapToRegistry registry https://registry.npmjs.org/
12 silly mapToRegistry data Result {
12 silly mapToRegistry   raw: 'base58-native',
12 silly mapToRegistry   scope: null,
12 silly mapToRegistry   escapedName: 'base58-native',
12 silly mapToRegistry   name: 'base58-native',
12 silly mapToRegistry   rawSpec: '',
12 silly mapToRegistry   spec: 'latest',
12 silly mapToRegistry   type: 'tag' }
13 silly mapToRegistry uri https://registry.npmjs.org/base58-native
14 silly mapToRegistry name bignum
15 silly mapToRegistry using default registry
16 silly mapToRegistry registry https://registry.npmjs.org/
17 silly mapToRegistry data Result {
17 silly mapToRegistry   raw: 'bignum',
17 silly mapToRegistry   scope: null,
17 silly mapToRegistry   escapedName: 'bignum',
17 silly mapToRegistry   name: 'bignum',
17 silly mapToRegistry   rawSpec: '',
17 silly mapToRegistry   spec: 'latest',
17 silly mapToRegistry   type: 'tag' }
18 silly mapToRegistry uri https://registry.npmjs.org/bignum
19 silly mapToRegistry name cli-color
20 silly mapToRegistry using default registry
21 silly mapToRegistry registry https://registry.npmjs.org/
22 silly mapToRegistry data Result {
22 silly mapToRegistry   raw: 'cli-color',
22 silly mapToRegistry   scope: null,
22 silly mapToRegistry   escapedName: 'cli-color',
22 silly mapToRegistry   name: 'cli-color',
22 silly mapToRegistry   rawSpec: '',
22 silly mapToRegistry   spec: 'latest',
22 silly mapToRegistry   type: 'tag' }
23 silly mapToRegistry uri https://registry.npmjs.org/cli-color
24 silly mapToRegistry name dateformat
25 silly mapToRegistry using default registry
26 silly mapToRegistry registry https://registry.npmjs.org/
27 silly mapToRegistry data Result {
27 silly mapToRegistry   raw: 'dateformat',
27 silly mapToRegistry   scope: null,
27 silly mapToRegistry   escapedName: 'dateformat',
27 silly mapToRegistry   name: 'dateformat',
27 silly mapToRegistry   rawSpec: '',
27 silly mapToRegistry   spec: 'latest',
27 silly mapToRegistry   type: 'tag' }
28 silly mapToRegistry uri https://registry.npmjs.org/dateformat
29 silly mapToRegistry name mailgun.js
30 silly mapToRegistry using default registry
31 silly mapToRegistry registry https://registry.npmjs.org/
32 silly mapToRegistry data Result {
32 silly mapToRegistry   raw: 'mailgun.js',
32 silly mapToRegistry   scope: null,
32 silly mapToRegistry   escapedName: 'mailgun.js',
32 silly mapToRegistry   name: 'mailgun.js',
32 silly mapToRegistry   rawSpec: '',
32 silly mapToRegistry   spec: 'latest',
32 silly mapToRegistry   type: 'tag' }
33 silly mapToRegistry uri https://registry.npmjs.org/mailgun.js
34 silly mapToRegistry name redis
35 silly mapToRegistry using default registry
36 silly mapToRegistry registry https://registry.npmjs.org/
37 silly mapToRegistry data Result {
37 silly mapToRegistry   raw: 'redis',
37 silly mapToRegistry   scope: null,
37 silly mapToRegistry   escapedName: 'redis',
37 silly mapToRegistry   name: 'redis',
37 silly mapToRegistry   rawSpec: '',
37 silly mapToRegistry   spec: 'latest',
37 silly mapToRegistry   type: 'tag' }
38 silly mapToRegistry uri https://registry.npmjs.org/redis
39 verbose request uri https://registry.npmjs.org/async
40 verbose request no auth needed
41 info attempt registry request try #1 at 11:58:04 PM
42 verbose request id c779acf2fb9b9580
43 http request GET https://registry.npmjs.org/async
44 verbose request uri https://registry.npmjs.org/base58-native
45 verbose request no auth needed
46 info attempt registry request try #1 at 11:58:04 PM
47 http request GET https://registry.npmjs.org/base58-native
48 verbose request uri https://registry.npmjs.org/bignum
49 verbose request no auth needed
50 info attempt registry request try #1 at 11:58:04 PM
51 http request GET https://registry.npmjs.org/bignum
52 verbose request uri https://registry.npmjs.org/cli-color
53 verbose request no auth needed
54 info attempt registry request try #1 at 11:58:04 PM
55 http request GET https://registry.npmjs.org/cli-color
56 verbose request uri https://registry.npmjs.org/dateformat
57 verbose request no auth needed
58 info attempt registry request try #1 at 11:58:04 PM
59 http request GET https://registry.npmjs.org/dateformat
60 verbose request uri https://registry.npmjs.org/mailgun.js
61 verbose request no auth needed
62 info attempt registry request try #1 at 11:58:04 PM
63 http request GET https://registry.npmjs.org/mailgun.js
64 verbose request uri https://registry.npmjs.org/redis
65 verbose request no auth needed
66 info attempt registry request try #1 at 11:58:04 PM
67 http request GET https://registry.npmjs.org/redis
68 http 200 https://registry.npmjs.org/base58-native
69 verbose headers { 'content-type': 'application/json; charset=UTF-8',
69 verbose headers   server: 'UploadServer',
69 verbose headers   'cache-control': 'max-age=300',
69 verbose headers   'last-modified': 'Sat, 24 May 2014 14:06:18 GMT',
69 verbose headers   etag: '"5380a75a-1fb9"',
69 verbose headers   'x-npm-region': 'OZ',
69 verbose headers   'content-encoding': 'gzip',
69 verbose headers   'content-length': '1629',
69 verbose headers   'accept-ranges': 'bytes',
69 verbose headers   date: 'Tue, 08 May 2018 11:58:04 GMT',
69 verbose headers   via: '1.1 varnish',
69 verbose headers   age: '141',
69 verbose headers   connection: 'keep-alive',
69 verbose headers   'x-served-by': 'cache-syd18923-SYD',
69 verbose headers   'x-cache': 'HIT',
69 verbose headers   'x-cache-hits': '2',
69 verbose headers   'x-timer': 'S1525780684.348639,VS0,VE0',
69 verbose headers   vary: 'Accept-Encoding, Accept' }
70 silly get cb [ 200,
70 silly get   { 'content-type': 'application/json; charset=UTF-8',
70 silly get     server: 'UploadServer',
70 silly get     'cache-control': 'max-age=300',
70 silly get     'last-modified': 'Sat, 24 May 2014 14:06:18 GMT',
70 silly get     etag: '"5380a75a-1fb9"',
70 silly get     'x-npm-region': 'OZ',
70 silly get     'content-encoding': 'gzip',
70 silly get     'content-length': '1629',
70 silly get     'accept-ranges': 'bytes',
70 silly get     date: 'Tue, 08 May 2018 11:58:04 GMT',
70 silly get     via: '1.1 varnish',
70 silly get     age: '141',
70 silly get     connection: 'keep-alive',
70 silly get     'x-served-by': 'cache-syd18923-SYD',
70 silly get     'x-cache': 'HIT',
70 silly get     'x-cache-hits': '2',
70 silly get     'x-timer': 'S1525780684.348639,VS0,VE0',
70 silly get     vary: 'Accept-Encoding, Accept' } ]
71 verbose get saving base58-native to /home/dev/.npm/registry.npmjs.org/base58-native/.cache.json
72 verbose correctMkdir /home/dev/.npm correctMkdir not in flight; initializing
73 http 200 https://registry.npmjs.org/bignum
74 verbose headers { 'content-type': 'application/json; charset=UTF-8',
74 verbose headers   server: 'UploadServer',
74 verbose headers   'cache-control': 'max-age=300',
74 verbose headers   'last-modified': 'Sat, 10 Mar 2018 7:02:28 GMT',
74 verbose headers   etag: '"5aa38304-a9c0"',
74 verbose headers   'x-npm-region': 'OZ',
74 verbose headers   'content-encoding': 'gzip',
74 verbose headers   'content-length': '6490',
74 verbose headers   'accept-ranges': 'bytes',
74 verbose headers   date: 'Tue, 08 May 2018 11:58:04 GMT',
74 verbose headers   via: '1.1 varnish',
74 verbose headers   age: '57',
74 verbose headers   connection: 'keep-alive',
74 verbose headers   'x-served-by': 'cache-syd18925-SYD',
74 verbose headers   'x-cache': 'HIT',
74 verbose headers   'x-cache-hits': '1',
74 verbose headers   'x-timer': 'S1525780684.358491,VS0,VE1',
74 verbose headers   vary: 'Accept-Encoding, Accept' }
75 silly get cb [ 200,
75 silly get   { 'content-type': 'application/json; charset=UTF-8',
75 silly get     server: 'UploadServer',
75 silly get     'cache-control': 'max-age=300',
75 silly get     'last-modified': 'Sat, 10 Mar 2018 7:02:28 GMT',
75 silly get     etag: '"5aa38304-a9c0"',
75 silly get     'x-npm-region': 'OZ',
75 silly get     'content-encoding': 'gzip',
75 silly get     'content-length': '6490',
75 silly get     'accept-ranges': 'bytes',
75 silly get     date: 'Tue, 08 May 2018 11:58:04 GMT',
75 silly get     via: '1.1 varnish',
75 silly get     age: '57',
75 silly get     connection: 'keep-alive',
75 silly get     'x-served-by': 'cache-syd18925-SYD',
75 silly get     'x-cache': 'HIT',
75 silly get     'x-cache-hits': '1',
75 silly get     'x-timer': 'S1525780684.358491,VS0,VE1',
75 silly get     vary: 'Accept-Encoding, Accept' } ]
76 verbose get saving bignum to /home/dev/.npm/registry.npmjs.org/bignum/.cache.json
77 verbose correctMkdir /home/dev/.npm correctMkdir not in flight; initializing
78 http 200 https://registry.npmjs.org/cli-color
79 verbose headers { 'content-type': 'application/json; charset=UTF-8',
79 verbose headers   server: 'UploadServer',
79 verbose headers   'cache-control': 'max-age=300',
79 verbose headers   'last-modified': 'Mon, 12 Mar 2018 7:37:33 GMT',
79 verbose headers   etag: '"5aa62e3d-ec9e"',
79 verbose headers   'x-npm-region': 'OZ',
79 verbose headers   'content-encoding': 'gzip',
79 verbose headers   'content-length': '7905',
79 verbose headers   'accept-ranges': 'bytes',
79 verbose headers   date: 'Tue, 08 May 2018 11:58:04 GMT',
79 verbose headers   via: '1.1 varnish',
79 verbose headers   age: '1312',
79 verbose headers   connection: 'keep-alive',
79 verbose headers   'x-served-by': 'cache-syd18934-SYD',
79 verbose headers   'x-cache': 'HIT',
79 verbose headers   'x-cache-hits': '3',
79 verbose headers   'x-timer': 'S1525780684.357218,VS0,VE0',
79 verbose headers   vary: 'Accept-Encoding, Accept' }
80 silly get cb [ 200,
80 silly get   { 'content-type': 'application/json; charset=UTF-8',
80 silly get     server: 'UploadServer',
80 silly get     'cache-control': 'max-age=300',
80 silly get     'last-modified': 'Mon, 12 Mar 2018 7:37:33 GMT',
80 silly get     etag: '"5aa62e3d-ec9e"',
80 silly get     'x-npm-region': 'OZ',
80 silly get     'content-encoding': 'gzip',
80 silly get     'content-length': '7905',
80 silly get     'accept-ranges': 'bytes',
80 silly get     date: 'Tue, 08 May 2018 11:58:04 GMT',
80 silly get     via: '1.1 varnish',
80 silly get     age: '1312',
80 silly get     connection: 'keep-alive',
80 silly get     'x-served-by': 'cache-syd18934-SYD',
80 silly get     'x-cache': 'HIT',
80 silly get     'x-cache-hits': '3',
80 silly get     'x-timer': 'S1525780684.357218,VS0,VE0',
80 silly get     vary: 'Accept-Encoding, Accept' } ]
81 verbose get saving cli-color to /home/dev/.npm/registry.npmjs.org/cli-color/.cache.json
82 verbose correctMkdir /home/dev/.npm correctMkdir not in flight; initializing
83 http 200 https://registry.npmjs.org/dateformat
84 verbose headers { 'content-type': 'application/json; charset=UTF-8',
84 verbose headers   server: 'UploadServer',
84 verbose headers   'cache-control': 'max-age=300',
84 verbose headers   'last-modified': 'Wed, 14 Mar 2018 3:19:01 GMT',
84 verbose headers   etag: '"5aa894a5-8282"',
84 verbose headers   'x-npm-region': 'OZ',
84 verbose headers   'content-encoding': 'gzip',
84 verbose headers   'content-length': '6297',
84 verbose headers   'accept-ranges': 'bytes',
84 verbose headers   date: 'Tue, 08 May 2018 11:58:04 GMT',
84 verbose headers   via: '1.1 varnish',
84 verbose headers   age: '14129',
84 verbose headers   connection: 'keep-alive',
84 verbose headers   'x-served-by': 'cache-syd18928-SYD',
84 verbose headers   'x-cache': 'HIT',
84 verbose headers   'x-cache-hits': '30',
84 verbose headers   'x-timer': 'S1525780684.380572,VS0,VE0',
84 verbose headers   vary: 'Accept-Encoding, Accept' }
85 silly get cb [ 200,
85 silly get   { 'content-type': 'application/json; charset=UTF-8',
85 silly get     server: 'UploadServer',
85 silly get     'cache-control': 'max-age=300',
85 silly get     'last-modified': 'Wed, 14 Mar 2018 3:19:01 GMT',
85 silly get     etag: '"5aa894a5-8282"',
85 silly get     'x-npm-region': 'OZ',
85 silly get     'content-encoding': 'gzip',
85 silly get     'content-length': '6297',
85 silly get     'accept-ranges': 'bytes',
85 silly get     date: 'Tue, 08 May 2018 11:58:04 GMT',
85 silly get     via: '1.1 varnish',
85 silly get     age: '14129',
85 silly get     connection: 'keep-alive',
85 silly get     'x-served-by': 'cache-syd18928-SYD',
85 silly get     'x-cache': 'HIT',
85 silly get     'x-cache-hits': '30',
85 silly get     'x-timer': 'S1525780684.380572,VS0,VE0',
85 silly get     vary: 'Accept-Encoding, Accept' } ]
86 verbose get saving dateformat to /home/dev/.npm/registry.npmjs.org/dateformat/.cache.json
87 verbose correctMkdir /home/dev/.npm correctMkdir not in flight; initializing
88 http 200 https://registry.npmjs.org/mailgun.js
89 verbose headers { 'content-type': 'application/json; charset=UTF-8',
89 verbose headers   server: 'UploadServer',
89 verbose headers   'cache-control': 'max-age=300',
89 verbose headers   'last-modified': 'Mon, 4 Dec 2017 13:39:03 GMT',
89 verbose headers   etag: '"5a254ff7-e71b"',
89 verbose headers   'x-npm-region': 'OZ',
89 verbose headers   'content-encoding': 'gzip',
89 verbose headers   'content-length': '9397',
89 verbose headers   'accept-ranges': 'bytes',
89 verbose headers   date: 'Tue, 08 May 2018 11:58:04 GMT',
89 verbose headers   via: '1.1 varnish',
89 verbose headers   age: '141',
89 verbose headers   connection: 'keep-alive',
89 verbose headers   'x-served-by': 'cache-syd18929-SYD',
89 verbose headers   'x-cache': 'HIT',
89 verbose headers   'x-cache-hits': '1',
89 verbose headers   'x-timer': 'S1525780684.412869,VS0,VE1',
89 verbose headers   vary: 'Accept-Encoding, Accept' }
90 silly get cb [ 200,
90 silly get   { 'content-type': 'application/json; charset=UTF-8',
90 silly get     server: 'UploadServer',
90 silly get     'cache-control': 'max-age=300',
90 silly get     'last-modified': 'Mon, 4 Dec 2017 13:39:03 GMT',
90 silly get     etag: '"5a254ff7-e71b"',
90 silly get     'x-npm-region': 'OZ',
90 silly get     'content-encoding': 'gzip',
90 silly get     'content-length': '9397',
90 silly get     'accept-ranges': 'bytes',
90 silly get     date: 'Tue, 08 May 2018 11:58:04 GMT',
90 silly get     via: '1.1 varnish',
90 silly get     age: '141',
90 silly get     connection: 'keep-alive',
90 silly get     'x-served-by': 'cache-syd18929-SYD',
90 silly get     'x-cache': 'HIT',
90 silly get     'x-cache-hits': '1',
90 silly get     'x-timer': 'S1525780684.412869,VS0,VE1',
90 silly get     vary: 'Accept-Encoding, Accept' } ]
91 verbose get saving mailgun.js to /home/dev/.npm/registry.npmjs.org/mailgun.js/.cache.json
92 verbose correctMkdir /home/dev/.npm correctMkdir not in flight; initializing
93 http 200 https://registry.npmjs.org/redis
94 verbose headers { 'content-type': 'application/json; charset=UTF-8',
94 verbose headers   server: 'UploadServer',
94 verbose headers   'cache-control': 'max-age=300',
94 verbose headers   'last-modified': 'Sun, 11 Mar 2018 19:35:53 GMT',
94 verbose headers   etag: '"5aa58519-28285"',
94 verbose headers   'x-npm-region': 'OZ',
94 verbose headers   'content-encoding': 'gzip',
94 verbose headers   'content-length': '27082',
94 verbose headers   'accept-ranges': 'bytes',
94 verbose headers   date: 'Tue, 08 May 2018 11:58:04 GMT',
94 verbose headers   via: '1.1 varnish',
94 verbose headers   age: '8170',
94 verbose headers   connection: 'keep-alive',
94 verbose headers   'x-served-by': 'cache-syd18935-SYD',
94 verbose headers   'x-cache': 'HIT',
94 verbose headers   'x-cache-hits': '1',
94 verbose headers   'x-timer': 'S1525780684.416696,VS0,VE1',
94 verbose headers   vary: 'Accept-Encoding, Accept' }
95 silly get cb [ 200,
95 silly get   { 'content-type': 'application/json; charset=UTF-8',
95 silly get     server: 'UploadServer',
95 silly get     'cache-control': 'max-age=300',
95 silly get     'last-modified': 'Sun, 11 Mar 2018 19:35:53 GMT',
95 silly get     etag: '"5aa58519-28285"',
95 silly get     'x-npm-region': 'OZ',
95 silly get     'content-encoding': 'gzip',
95 silly get     'content-length': '27082',
95 silly get     'accept-ranges': 'bytes',
95 silly get     date: 'Tue, 08 May 2018 11:58:04 GMT',
95 silly get     via: '1.1 varnish',
95 silly get     age: '8170',
95 silly get     connection: 'keep-alive',
95 silly get     'x-served-by': 'cache-syd18935-SYD',
95 silly get     'x-cache': 'HIT',
95 silly get     'x-cache-hits': '1',
95 silly get     'x-timer': 'S1525780684.416696,VS0,VE1',
95 silly get     vary: 'Accept-Encoding, Accept' } ]
96 verbose get saving redis to /home/dev/.npm/registry.npmjs.org/redis/.cache.json
97 verbose correctMkdir /home/dev/.npm correctMkdir not in flight; initializing
98 http 200 https://registry.npmjs.org/async
99 verbose headers { 'content-type': 'application/json; charset=UTF-8',
99 verbose headers   server: 'UploadServer',
99 verbose headers   'cache-control': 'max-age=300',
99 verbose headers   'last-modified': 'Tue, 10 Apr 2018 23:13:50 GMT',
99 verbose headers   etag: '"5acd452e-235d2"',
99 verbose headers   'x-npm-region': 'OZ',
99 verbose headers   'content-encoding': 'gzip',
99 verbose headers   'content-length': '18535',
99 verbose headers   'accept-ranges': 'bytes',
99 verbose headers   date: 'Tue, 08 May 2018 11:58:04 GMT',
99 verbose headers   via: '1.1 varnish',
99 verbose headers   age: '0',
99 verbose headers   connection: 'keep-alive',
99 verbose headers   'x-served-by': 'cache-syd18932-SYD',
99 verbose headers   'x-cache': 'MISS',
99 verbose headers   'x-cache-hits': '0',
99 verbose headers   'x-timer': 'S1525780684.344351,VS0,VE292',
99 verbose headers   vary: 'Accept-Encoding, Accept' }
100 silly get cb [ 200,
100 silly get   { 'content-type': 'application/json; charset=UTF-8',
100 silly get     server: 'UploadServer',
100 silly get     'cache-control': 'max-age=300',
100 silly get     'last-modified': 'Tue, 10 Apr 2018 23:13:50 GMT',
100 silly get     etag: '"5acd452e-235d2"',
100 silly get     'x-npm-region': 'OZ',
100 silly get     'content-encoding': 'gzip',
100 silly get     'content-length': '18535',
100 silly get     'accept-ranges': 'bytes',
100 silly get     date: 'Tue, 08 May 2018 11:58:04 GMT',
100 silly get     via: '1.1 varnish',
100 silly get     age: '0',
100 silly get     connection: 'keep-alive',
100 silly get     'x-served-by': 'cache-syd18932-SYD',
100 silly get     'x-cache': 'MISS',
100 silly get     'x-cache-hits': '0',
100 silly get     'x-timer': 'S1525780684.344351,VS0,VE292',
100 silly get     vary: 'Accept-Encoding, Accept' } ]
101 verbose get saving async to /home/dev/.npm/registry.npmjs.org/async/.cache.json
102 verbose correctMkdir /home/dev/.npm correctMkdir not in flight; initializing
103 verbose outdated not updating async because it's currently at the maximum version that matches its specified semver range
104 info outdated updating [ { dep:
104 info outdated      { package: [Object],
104 info outdated        path: '/home/dev/git/cryptonote-sumokoin-pool',
104 info outdated        parent: [Object],
104 info outdated        isMissing: true },
104 info outdated     depname: 'cryptonote-util',
104 info outdated     current: undefined,
104 info outdated     wanted: 'git',
104 info outdated     latest: 'git',
104 info outdated     req: 'git://github.com/M5M400/node-cryptonote-util.git#xmr-Nan-2.0',
104 info outdated     what: 'cryptonote-util@git' },
104 info outdated   { dep:
104 info outdated      Node {
104 info outdated        id: 121,
104 info outdated        package: [Object],
104 info outdated        path: '/home/dev/git/cryptonote-sumokoin-pool/node_modules/multi-hashing',
104 info outdated        realpath: '/home/dev/git/cryptonote-sumokoin-pool/node_modules/multi-hashing',
104 info outdated        parent: [Object],
104 info outdated        isLink: false,
104 info outdated        children: [Object],
104 info outdated        error: null,
104 info outdated        loaded: false,
104 info outdated        requiredBy: [Object],
104 info outdated        requires: [Object],
104 info outdated        missingDeps: {},
104 info outdated        missingDevDeps: {},
104 info outdated        phantomChildren: {},
104 info outdated        location: '/multi-hashing',
104 info outdated        userRequired: false,
104 info outdated        existing: false,
104 info outdated        isTop: false,
104 info outdated        resolved: [Object] },
104 info outdated     depname: 'multi-hashing',
104 info outdated     current: '0.0.9',
104 info outdated     wanted: 'git',
104 info outdated     latest: 'git',
104 info outdated     req: 'git://github.com/quangvu3/node-multi-hashing.git#Nan-2.0',
104 info outdated     what: 'multi-hashing@git' } ]
105 silly loadCurrentTree Starting
106 silly install loadCurrentTree
107 silly install readLocalPackageData
108 silly fetchPackageMetaData git://github.com/M5M400/node-cryptonote-util.git#xmr-Nan-2.0
109 silly fetchPackageMetaData git://github.com/quangvu3/node-multi-hashing.git#Nan-2.0
110 silly fetchOtherPackageData git://github.com/M5M400/node-cryptonote-util.git#xmr-Nan-2.0
111 silly cache add args [ 'git://github.com/M5M400/node-cryptonote-util.git#xmr-Nan-2.0',
111 silly cache add   null ]
112 verbose cache add spec git://github.com/M5M400/node-cryptonote-util.git#xmr-Nan-2.0
113 silly fetchOtherPackageData git://github.com/quangvu3/node-multi-hashing.git#Nan-2.0
114 silly cache add args [ 'git://github.com/quangvu3/node-multi-hashing.git#Nan-2.0',
114 silly cache add   null ]
115 verbose cache add spec git://github.com/quangvu3/node-multi-hashing.git#Nan-2.0
116 silly cache add parsed spec Result {
116 silly cache add   raw: 'git://github.com/M5M400/node-cryptonote-util.git#xmr-Nan-2.0',
116 silly cache add   scope: null,
116 silly cache add   escapedName: null,
116 silly cache add   name: null,
116 silly cache add   rawSpec: 'git://github.com/M5M400/node-cryptonote-util.git#xmr-Nan-2.0',
116 silly cache add   spec: 'git://github.com/M5M400/node-cryptonote-util.git#xmr-Nan-2.0',
116 silly cache add   type: 'hosted',
116 silly cache add   hosted:
116 silly cache add    { type: 'github',
116 silly cache add      ssh: 'git@github.com:M5M400/node-cryptonote-util.git#xmr-Nan-2.0',
116 silly cache add      sshUrl: 'git+ssh://git@github.com/M5M400/node-cryptonote-util.git#xmr-Nan-2.0',
116 silly cache add      httpsUrl: 'git+https://github.com/M5M400/node-cryptonote-util.git#xmr-Nan-2.0',
116 silly cache add      gitUrl: 'git://github.com/M5M400/node-cryptonote-util.git#xmr-Nan-2.0',
116 silly cache add      shortcut: 'github:M5M400/node-cryptonote-util#xmr-Nan-2.0',
116 silly cache add      directUrl: 'https://raw.githubusercontent.com/M5M400/node-cryptonote-util/xmr-Nan-2.0/package.json' } }
117 verbose addRemoteGit caching git://github.com/M5M400/node-cryptonote-util.git#xmr-Nan-2.0
118 verbose addRemoteGit git://github.com/M5M400/node-cryptonote-util.git#xmr-Nan-2.0 is a repository hosted by github
119 silly tryClone cloning git://github.com/M5M400/node-cryptonote-util.git#xmr-Nan-2.0 via git://github.com/M5M400/node-cryptonote-util.git#xmr-Nan-2.0
120 verbose tryClone git-github-com-M5M400-node-cryptonote-util-git-xmr-Nan-2-0-acaba502 not in flight; caching
121 verbose correctMkdir /home/dev/.npm/_git-remotes correctMkdir not in flight; initializing
122 silly cache add parsed spec Result {
122 silly cache add   raw: 'git://github.com/quangvu3/node-multi-hashing.git#Nan-2.0',
122 silly cache add   scope: null,
122 silly cache add   escapedName: null,
122 silly cache add   name: null,
122 silly cache add   rawSpec: 'git://github.com/quangvu3/node-multi-hashing.git#Nan-2.0',
122 silly cache add   spec: 'git://github.com/quangvu3/node-multi-hashing.git#Nan-2.0',
122 silly cache add   type: 'hosted',
122 silly cache add   hosted:
122 silly cache add    { type: 'github',
122 silly cache add      ssh: 'git@github.com:quangvu3/node-multi-hashing.git#Nan-2.0',
122 silly cache add      sshUrl: 'git+ssh://git@github.com/quangvu3/node-multi-hashing.git#Nan-2.0',
122 silly cache add      httpsUrl: 'git+https://github.com/quangvu3/node-multi-hashing.git#Nan-2.0',
122 silly cache add      gitUrl: 'git://github.com/quangvu3/node-multi-hashing.git#Nan-2.0',
122 silly cache add      shortcut: 'github:quangvu3/node-multi-hashing#Nan-2.0',
122 silly cache add      directUrl: 'https://raw.githubusercontent.com/quangvu3/node-multi-hashing/Nan-2.0/package.json' } }
123 verbose addRemoteGit caching git://github.com/quangvu3/node-multi-hashing.git#Nan-2.0
124 verbose addRemoteGit git://github.com/quangvu3/node-multi-hashing.git#Nan-2.0 is a repository hosted by github
125 silly tryClone cloning git://github.com/quangvu3/node-multi-hashing.git#Nan-2.0 via git://github.com/quangvu3/node-multi-hashing.git#Nan-2.0
126 verbose tryClone git-github-com-quangvu3-node-multi-hashing-git-Nan-2-0-b725ca69 not in flight; caching
127 verbose correctMkdir /home/dev/.npm/_git-remotes correctMkdir already in flight; waiting
128 verbose makeDirectory /home/dev/.npm/_git-remotes creation not in flight; initializing
129 silly makeDirectory /home/dev/.npm/_git-remotes uid: 1000 gid: 1000
130 info git [ 'clone',
130 info git   '--template=/home/dev/.npm/_git-remotes/_templates',
130 info git   '--mirror',
130 info git   'git://github.com/M5M400/node-cryptonote-util.git',
130 info git   '/home/dev/.npm/_git-remotes/git-github-com-M5M400-node-cryptonote-util-git-xmr-Nan-2-0-acaba502' ]
131 info git [ 'clone',
131 info git   '--template=/home/dev/.npm/_git-remotes/_templates',
131 info git   '--mirror',
131 info git   'git://github.com/quangvu3/node-multi-hashing.git',
131 info git   '/home/dev/.npm/_git-remotes/git-github-com-quangvu3-node-multi-hashing-git-Nan-2-0-b725ca69' ]
132 verbose mirrorRemote git://github.com/M5M400/node-cryptonote-util.git#xmr-Nan-2.0 git clone git://github.com/M5M400/node-cryptonote-util.git
133 verbose correctMkdir /home/dev/.npm/_git-remotes correctMkdir not in flight; initializing
134 verbose setPermissions git://github.com/M5M400/node-cryptonote-util.git#xmr-Nan-2.0 set permissions on /home/dev/.npm/_git-remotes/git-github-com-M5M400-node-cryptonote-util-git-xmr-Nan-2-0-acaba502
135 verbose resolveHead git://github.com/M5M400/node-cryptonote-util.git#xmr-Nan-2.0 original treeish: xmr-Nan-2.0
136 info git [ 'rev-list', '-n1', 'xmr-Nan-2.0' ]
137 silly resolveHead git://github.com/M5M400/node-cryptonote-util.git#xmr-Nan-2.0 resolved treeish: 37f50f9b535f0258c3a1c6f7247a891b4c211ff3
138 verbose resolveHead git://github.com/M5M400/node-cryptonote-util.git#xmr-Nan-2.0 resolved Git URL: git://github.com/M5M400/node-cryptonote-util.git#37f50f9b535f0258c3a1c6f7247a891b4c211ff3
139 silly resolveHead Git working directory: /tmp/npm-9078-94cb530a/git-cache-70e54772/37f50f9b535f0258c3a1c6f7247a891b4c211ff3
140 info git [ 'clone',
140 info git   '/home/dev/.npm/_git-remotes/git-github-com-M5M400-node-cryptonote-util-git-xmr-Nan-2-0-acaba502',
140 info git   '/tmp/npm-9078-94cb530a/git-cache-70e54772/37f50f9b535f0258c3a1c6f7247a891b4c211ff3' ]
141 verbose cloneResolved git://github.com/M5M400/node-cryptonote-util.git#xmr-Nan-2.0 clone Cloning into '/tmp/npm-9078-94cb530a/git-cache-70e54772/37f50f9b535f0258c3a1c6f7247a891b4c211ff3'...
141 verbose cloneResolved done.
142 info git [ 'checkout', '37f50f9b535f0258c3a1c6f7247a891b4c211ff3' ]
143 verbose checkoutTreeish git://github.com/M5M400/node-cryptonote-util.git#xmr-Nan-2.0 checkout Note: checking out '37f50f9b535f0258c3a1c6f7247a891b4c211ff3'.
143 verbose checkoutTreeish
143 verbose checkoutTreeish You are in 'detached HEAD' state. You can look around, make experimental
143 verbose checkoutTreeish changes and commit them, and you can discard any commits you make in this
143 verbose checkoutTreeish state without impacting any branches by performing another checkout.
143 verbose checkoutTreeish
143 verbose checkoutTreeish If you want to create a new branch to retain commits you create, you may
143 verbose checkoutTreeish do so (now or later) by using -b with the checkout command again. Example:
143 verbose checkoutTreeish
143 verbose checkoutTreeish   git checkout -b <new-branch-name>
143 verbose checkoutTreeish
143 verbose checkoutTreeish HEAD is now at 37f50f9... Add files via upload
144 info git [ 'submodule', '-q', 'update', '--init', '--recursive' ]
145 verbose updateSubmodules git://github.com/M5M400/node-cryptonote-util.git#xmr-Nan-2.0 submodule update
146 verbose addLocalDirectory /home/dev/.npm/cryptonote-util/0.0.1/package.tgz not in flight; packing
147 verbose correctMkdir /home/dev/.npm correctMkdir not in flight; initializing
148 verbose tar pack [ '/home/dev/.npm/cryptonote-util/0.0.1/package.tgz',
148 verbose tar pack   '/tmp/npm-9078-94cb530a/git-cache-70e54772/37f50f9b535f0258c3a1c6f7247a891b4c211ff3' ]
149 verbose tarball /home/dev/.npm/cryptonote-util/0.0.1/package.tgz
150 verbose folder /tmp/npm-9078-94cb530a/git-cache-70e54772/37f50f9b535f0258c3a1c6f7247a891b4c211ff3
151 verbose mirrorRemote git://github.com/quangvu3/node-multi-hashing.git#Nan-2.0 git clone git://github.com/quangvu3/node-multi-hashing.git
152 verbose correctMkdir /home/dev/.npm/_git-remotes correctMkdir not in flight; initializing
153 verbose setPermissions git://github.com/quangvu3/node-multi-hashing.git#Nan-2.0 set permissions on /home/dev/.npm/_git-remotes/git-github-com-quangvu3-node-multi-hashing-git-Nan-2-0-b725ca69
154 verbose resolveHead git://github.com/quangvu3/node-multi-hashing.git#Nan-2.0 original treeish: Nan-2.0
155 info git [ 'rev-list', '-n1', 'Nan-2.0' ]
156 silly resolveHead git://github.com/quangvu3/node-multi-hashing.git#Nan-2.0 resolved treeish: 05f1bd74ad3ca22ae0efcd6618bfd950642526e4
157 verbose resolveHead git://github.com/quangvu3/node-multi-hashing.git#Nan-2.0 resolved Git URL: git://github.com/quangvu3/node-multi-hashing.git#05f1bd74ad3ca22ae0efcd6618bfd950642526e4
158 silly resolveHead Git working directory: /tmp/npm-9078-94cb530a/git-cache-b18a0a15/05f1bd74ad3ca22ae0efcd6618bfd950642526e4
159 info git [ 'clone',
159 info git   '/home/dev/.npm/_git-remotes/git-github-com-quangvu3-node-multi-hashing-git-Nan-2-0-b725ca69',
159 info git   '/tmp/npm-9078-94cb530a/git-cache-b18a0a15/05f1bd74ad3ca22ae0efcd6618bfd950642526e4' ]
160 verbose cloneResolved git://github.com/quangvu3/node-multi-hashing.git#Nan-2.0 clone Cloning into '/tmp/npm-9078-94cb530a/git-cache-b18a0a15/05f1bd74ad3ca22ae0efcd6618bfd950642526e4'...
160 verbose cloneResolved done.
161 info git [ 'checkout', '05f1bd74ad3ca22ae0efcd6618bfd950642526e4' ]
162 verbose checkoutTreeish git://github.com/quangvu3/node-multi-hashing.git#Nan-2.0 checkout Note: checking out '05f1bd74ad3ca22ae0efcd6618bfd950642526e4'.
162 verbose checkoutTreeish
162 verbose checkoutTreeish You are in 'detached HEAD' state. You can look around, make experimental
162 verbose checkoutTreeish changes and commit them, and you can discard any commits you make in this
162 verbose checkoutTreeish state without impacting any branches by performing another checkout.
162 verbose checkoutTreeish
162 verbose checkoutTreeish If you want to create a new branch to retain commits you create, you may
162 verbose checkoutTreeish do so (now or later) by using -b with the checkout command again. Example:
162 verbose checkoutTreeish
162 verbose checkoutTreeish   git checkout -b <new-branch-name>
162 verbose checkoutTreeish
162 verbose checkoutTreeish HEAD is now at 05f1bd7... Merge pull request #1 from curie-kief/Nan-2.0
163 info git [ 'submodule', '-q', 'update', '--init', '--recursive' ]
164 verbose updateSubmodules git://github.com/quangvu3/node-multi-hashing.git#Nan-2.0 submodule update
165 verbose addLocalDirectory /home/dev/.npm/multi-hashing/0.0.9/package.tgz not in flight; packing
166 verbose correctMkdir /home/dev/.npm correctMkdir not in flight; initializing
167 verbose tar pack [ '/home/dev/.npm/multi-hashing/0.0.9/package.tgz',
167 verbose tar pack   '/tmp/npm-9078-94cb530a/git-cache-b18a0a15/05f1bd74ad3ca22ae0efcd6618bfd950642526e4' ]
168 verbose tarball /home/dev/.npm/multi-hashing/0.0.9/package.tgz
169 verbose folder /tmp/npm-9078-94cb530a/git-cache-b18a0a15/05f1bd74ad3ca22ae0efcd6618bfd950642526e4
170 verbose addLocalTarball adding from inside cache /home/dev/.npm/cryptonote-util/0.0.1/package.tgz
171 verbose correctMkdir /home/dev/.npm correctMkdir not in flight; initializing
172 verbose addRemoteGit data._from: git://github.com/M5M400/node-cryptonote-util.git#xmr-Nan-2.0
173 verbose addRemoteGit data._resolved: git://github.com/M5M400/node-cryptonote-util.git#37f50f9b535f0258c3a1c6f7247a891b4c211ff3
174 silly cache afterAdd cryptonote-util@0.0.1
175 verbose afterAdd /home/dev/.npm/cryptonote-util/0.0.1/package/package.json not in flight; writing
176 verbose correctMkdir /home/dev/.npm correctMkdir not in flight; initializing
177 verbose afterAdd /home/dev/.npm/cryptonote-util/0.0.1/package/package.json written
178 verbose addLocalTarball adding from inside cache /home/dev/.npm/multi-hashing/0.0.9/package.tgz
179 verbose correctMkdir /home/dev/.npm correctMkdir not in flight; initializing
180 verbose addRemoteGit data._from: git://github.com/quangvu3/node-multi-hashing.git#Nan-2.0
181 verbose addRemoteGit data._resolved: git://github.com/quangvu3/node-multi-hashing.git#05f1bd74ad3ca22ae0efcd6618bfd950642526e4
182 silly cache afterAdd multi-hashing@0.0.9
183 verbose afterAdd /home/dev/.npm/multi-hashing/0.0.9/package/package.json not in flight; writing
184 verbose correctMkdir /home/dev/.npm correctMkdir not in flight; initializing
185 verbose afterAdd /home/dev/.npm/multi-hashing/0.0.9/package/package.json written
186 silly install normalizeTree
187 silly loadCurrentTree Finishing
188 silly loadIdealTree Starting
189 silly install loadIdealTree
190 silly cloneCurrentTree Starting
191 silly install cloneCurrentTreeToIdealTree
192 silly cloneCurrentTree Finishing
193 silly loadShrinkwrap Starting
194 silly install loadShrinkwrap
195 silly loadShrinkwrap Finishing
196 silly loadAllDepsIntoIdealTree Starting
197 silly install loadAllDepsIntoIdealTree
198 silly resolveWithNewModule cryptonote-util@0.0.1 checking installable status
199 silly resolveWithNewModule multi-hashing@0.0.9 checking installable status
200 silly fetchNamedPackageData bindings
201 silly mapToRegistry name bindings
202 silly mapToRegistry using default registry
203 silly mapToRegistry registry https://registry.npmjs.org/
204 silly mapToRegistry data Result {
204 silly mapToRegistry   raw: 'bindings',
204 silly mapToRegistry   scope: null,
204 silly mapToRegistry   escapedName: 'bindings',
204 silly mapToRegistry   name: 'bindings',
204 silly mapToRegistry   rawSpec: '',
204 silly mapToRegistry   spec: 'latest',
204 silly mapToRegistry   type: 'tag' }
205 silly mapToRegistry uri https://registry.npmjs.org/bindings
206 verbose request uri https://registry.npmjs.org/bindings
207 verbose request no auth needed
208 info attempt registry request try #1 at 11:58:11 PM
209 http request GET https://registry.npmjs.org/bindings
210 http 200 https://registry.npmjs.org/bindings
211 verbose headers { 'content-type': 'application/json; charset=UTF-8',
211 verbose headers   server: 'UploadServer',
211 verbose headers   'cache-control': 'max-age=300',
211 verbose headers   'last-modified': 'Tue, 30 Jan 2018 6:12:07 GMT',
211 verbose headers   etag: '"5a700cb7-4c53"',
211 verbose headers   'x-npm-region': 'OZ',
211 verbose headers   'content-encoding': 'gzip',
211 verbose headers   'content-length': '3882',
211 verbose headers   'accept-ranges': 'bytes',
211 verbose headers   date: 'Tue, 08 May 2018 11:58:11 GMT',
211 verbose headers   via: '1.1 varnish',
211 verbose headers   age: '11197',
211 verbose headers   connection: 'keep-alive',
211 verbose headers   'x-served-by': 'cache-syd18923-SYD',
211 verbose headers   'x-cache': 'HIT',
211 verbose headers   'x-cache-hits': '9',
211 verbose headers   'x-timer': 'S1525780691.224551,VS0,VE0',
211 verbose headers   vary: 'Accept-Encoding, Accept' }
212 silly get cb [ 200,
212 silly get   { 'content-type': 'application/json; charset=UTF-8',
212 silly get     server: 'UploadServer',
212 silly get     'cache-control': 'max-age=300',
212 silly get     'last-modified': 'Tue, 30 Jan 2018 6:12:07 GMT',
212 silly get     etag: '"5a700cb7-4c53"',
212 silly get     'x-npm-region': 'OZ',
212 silly get     'content-encoding': 'gzip',
212 silly get     'content-length': '3882',
212 silly get     'accept-ranges': 'bytes',
212 silly get     date: 'Tue, 08 May 2018 11:58:11 GMT',
212 silly get     via: '1.1 varnish',
212 silly get     age: '11197',
212 silly get     connection: 'keep-alive',
212 silly get     'x-served-by': 'cache-syd18923-SYD',
212 silly get     'x-cache': 'HIT',
212 silly get     'x-cache-hits': '9',
212 silly get     'x-timer': 'S1525780691.224551,VS0,VE0',
212 silly get     vary: 'Accept-Encoding, Accept' } ]
213 verbose get saving bindings to /home/dev/.npm/registry.npmjs.org/bindings/.cache.json
214 verbose correctMkdir /home/dev/.npm correctMkdir not in flight; initializing
215 silly resolveWithNewModule bindings@1.3.0 checking installable status
216 silly cache add args [ 'bindings@*', null ]
217 verbose cache add spec bindings@*
218 silly cache add parsed spec Result {
218 silly cache add   raw: 'bindings@*',
218 silly cache add   scope: null,
218 silly cache add   escapedName: 'bindings',
218 silly cache add   name: 'bindings',
218 silly cache add   rawSpec: '*',
218 silly cache add   spec: '*',
218 silly cache add   type: 'range' }
219 silly addNamed bindings@*
220 verbose addNamed "*" is a valid semver range for bindings
221 silly addNameRange { name: 'bindings', range: '*', hasData: false }
222 silly mapToRegistry name bindings
223 silly mapToRegistry using default registry
224 silly mapToRegistry registry https://registry.npmjs.org/
225 silly mapToRegistry data Result {
225 silly mapToRegistry   raw: 'bindings',
225 silly mapToRegistry   scope: null,
225 silly mapToRegistry   escapedName: 'bindings',
225 silly mapToRegistry   name: 'bindings',
225 silly mapToRegistry   rawSpec: '',
225 silly mapToRegistry   spec: 'latest',
225 silly mapToRegistry   type: 'tag' }
226 silly mapToRegistry uri https://registry.npmjs.org/bindings
227 verbose addNameRange registry:https://registry.npmjs.org/bindings not in flight; fetching
228 verbose get https://registry.npmjs.org/bindings not expired, no request
229 silly addNameRange number 2 { name: 'bindings', range: '*', hasData: true }
230 silly addNameRange versions [ 'bindings',
230 silly addNameRange   [ '0.0.1',
230 silly addNameRange     '0.1.0',
230 silly addNameRange     '0.1.1',
230 silly addNameRange     '0.2.0',
230 silly addNameRange     '0.2.1',
230 silly addNameRange     '0.2.2',
230 silly addNameRange     '0.2.3',
230 silly addNameRange     '0.2.4',
230 silly addNameRange     '0.3.0',
230 silly addNameRange     '0.4.0',
230 silly addNameRange     '1.0.0',
230 silly addNameRange     '1.1.0',
230 silly addNameRange     '1.1.1',
230 silly addNameRange     '1.2.0',
230 silly addNameRange     '1.2.1',
230 silly addNameRange     '1.3.0' ] ]
231 silly addNamed bindings@1.3.0
232 verbose addNamed "1.3.0" is a plain semver version for bindings
233 silly mapToRegistry name bindings
234 silly mapToRegistry using default registry
235 silly mapToRegistry registry https://registry.npmjs.org/
236 silly mapToRegistry data Result {
236 silly mapToRegistry   raw: 'bindings',
236 silly mapToRegistry   scope: null,
236 silly mapToRegistry   escapedName: 'bindings',
236 silly mapToRegistry   name: 'bindings',
236 silly mapToRegistry   rawSpec: '',
236 silly mapToRegistry   spec: 'latest',
236 silly mapToRegistry   type: 'tag' }
237 silly mapToRegistry uri https://registry.npmjs.org/bindings
238 verbose addRemoteTarball https://registry.npmjs.org/bindings/-/bindings-1.3.0.tgz not in flight; adding
239 verbose addRemoteTarball [ 'https://registry.npmjs.org/bindings/-/bindings-1.3.0.tgz',
239 verbose addRemoteTarball   'b346f6ecf6a95f5a815c5839fc7cdb22502f1ed7' ]
240 info retry fetch attempt 1 at 11:58:11 PM
241 info attempt registry request try #1 at 11:58:11 PM
242 http fetch GET https://registry.npmjs.org/bindings/-/bindings-1.3.0.tgz
243 http fetch 200 https://registry.npmjs.org/bindings/-/bindings-1.3.0.tgz
244 silly fetchAndShaCheck shasum b346f6ecf6a95f5a815c5839fc7cdb22502f1ed7
245 verbose addTmpTarball /tmp/npm-9078-94cb530a/registry.npmjs.org/bindings/-/bindings-1.3.0.tgz not in flight; adding
246 verbose addTmpTarball already have metadata; skipping unpack for bindings@1.3.0
247 verbose correctMkdir /home/dev/.npm correctMkdir not in flight; initializing
248 silly cache afterAdd bindings@1.3.0
249 verbose afterAdd /home/dev/.npm/bindings/1.3.0/package/package.json not in flight; writing
250 verbose correctMkdir /home/dev/.npm correctMkdir not in flight; initializing
251 verbose afterAdd /home/dev/.npm/bindings/1.3.0/package/package.json written
252 silly loadAllDepsIntoIdealTree Finishing
253 silly loadIdealTree Finishing
254 silly currentTree cryptonote-universal-pool@0.0.1
254 silly currentTree ├── abbrev@1.1.1
254 silly currentTree ├── ajv@4.11.8
254 silly currentTree ├── ansi-regex@2.1.1
254 silly currentTree ├── aproba@1.2.0
254 silly currentTree ├── are-we-there-yet@1.1.4
254 silly currentTree ├── arrify@1.0.1
254 silly currentTree ├── asn1@0.2.3
254 silly currentTree ├── assert-plus@0.2.0
254 silly currentTree ├── async@1.5.2
254 silly currentTree ├── asynckit@0.4.0
254 silly currentTree ├── aws-sign2@0.6.0
254 silly currentTree ├── aws4@1.7.0
254 silly currentTree ├── balanced-match@1.0.0
254 silly currentTree ├── base58-native@0.1.4
254 silly currentTree ├── bcrypt-pbkdf@1.0.1
254 silly currentTree ├── bignum@0.12.5
254 silly currentTree ├── bindings@1.3.0
254 silly currentTree ├── block-stream@0.0.9
254 silly currentTree ├── boom@2.10.1
254 silly currentTree ├── brace-expansion@1.1.11
254 silly currentTree ├── btoa@1.2.1
254 silly currentTree ├── buffer-from@1.0.0
254 silly currentTree ├── caseless@0.12.0
254 silly currentTree ├── cli-color@1.2.0
254 silly currentTree ├── co@4.6.0
254 silly currentTree ├── code-point-at@1.1.0
254 silly currentTree ├── combined-stream@1.0.6
254 silly currentTree ├── concat-map@0.0.1
254 silly currentTree ├── concat-stream@1.6.2
254 silly currentTree ├── console-control-strings@1.1.0
254 silly currentTree ├── core-util-is@1.0.2
254 silly currentTree ├── cryptiles@2.0.5
254 silly currentTree ├── d@1.0.0
254 silly currentTree ├─┬ dashdash@1.14.1
254 silly currentTree │ └── assert-plus@1.0.0
254 silly currentTree ├── dateformat@3.0.3
254 silly currentTree ├── debug@2.6.9
254 silly currentTree ├── deep-extend@0.5.1
254 silly currentTree ├── delayed-stream@1.0.0
254 silly currentTree ├── delegates@1.0.0
254 silly currentTree ├── detect-libc@1.0.3
254 silly currentTree ├── double-ended-queue@2.1.0-0
254 silly currentTree ├── ecc-jsbn@0.1.1
254 silly currentTree ├── es5-ext@0.10.42
254 silly currentTree ├── es6-iterator@2.0.3
254 silly currentTree ├── es6-promise@3.3.1
254 silly currentTree ├── es6-symbol@3.1.1
254 silly currentTree ├── es6-weak-map@2.0.2
254 silly currentTree ├── event-emitter@0.3.5
254 silly currentTree ├── extend@3.0.1
254 silly currentTree ├── extsprintf@1.3.0
254 silly currentTree ├── forever-agent@0.6.1
254 silly currentTree ├── form-data@2.1.4
254 silly currentTree ├── fs.realpath@1.0.0
254 silly currentTree ├── fstream-ignore@1.0.5
254 silly currentTree ├── fstream@1.0.11
254 silly currentTree ├── gauge@2.7.4
254 silly currentTree ├─┬ getpass@0.1.7
254 silly currentTree │ └── assert-plus@1.0.0
254 silly currentTree ├── glob@7.1.2
254 silly currentTree ├── graceful-fs@4.1.11
254 silly currentTree ├── har-schema@1.0.5
254 silly currentTree ├── har-validator@4.2.1
254 silly currentTree ├── has-unicode@2.0.1
254 silly currentTree ├── hawk@3.1.3
254 silly currentTree ├── hoek@2.16.3
254 silly currentTree ├── http-signature@1.1.1
254 silly currentTree ├── infinity-agent@2.0.3
254 silly currentTree ├── inflight@1.0.6
254 silly currentTree ├── inherits@2.0.3
254 silly currentTree ├── ini@1.3.5
254 silly currentTree ├── is-fullwidth-code-point@1.0.0
254 silly currentTree ├── is-promise@2.1.0
254 silly currentTree ├── is-typedarray@1.0.0
254 silly currentTree ├── isarray@1.0.0
254 silly currentTree ├── isstream@0.1.2
254 silly currentTree ├── jsbn@0.1.1
254 silly currentTree ├── json-schema@0.2.3
254 silly currentTree ├── json-stable-stringify@1.0.1
254 silly currentTree ├── json-stringify-safe@5.0.1
254 silly currentTree ├── jsonify@0.0.0
254 silly currentTree ├─┬ jsprim@1.4.1
254 silly currentTree │ └── assert-plus@1.0.0
254 silly currentTree ├── lodash._arraycopy@3.0.0
254 silly currentTree ├── lodash._arrayeach@3.0.0
254 silly currentTree ├── lodash._arraymap@3.0.0
254 silly currentTree ├── lodash._baseassign@3.2.0
254 silly currentTree ├── lodash._basecallback@3.3.1
254 silly currentTree ├── lodash._basecopy@3.0.1
254 silly currentTree ├── lodash._baseeach@3.0.4
254 silly currentTree ├── lodash._basefor@3.0.3
254 silly currentTree ├── lodash._baseisequal@3.0.7
254 silly currentTree ├── lodash._bindcallback@3.0.1
254 silly currentTree ├── lodash._createaggregator@3.0.0
254 silly currentTree ├── lodash._createassigner@3.1.1
254 silly currentTree ├── lodash._createwrapper@3.2.0
254 silly currentTree ├── lodash._getnative@3.9.1
254 silly currentTree ├── lodash._isiterateecall@3.0.9
254 silly currentTree ├── lodash._replaceholders@3.0.0
254 silly currentTree ├── lodash._root@3.0.1
254 silly currentTree ├── lodash.assign@3.2.0
254 silly currentTree ├── lodash.defaults@3.1.2
254 silly currentTree ├── lodash.indexby@3.1.1
254 silly currentTree ├── lodash.isarguments@3.1.0
254 silly currentTree ├── lodash.isarray@3.0.4
254 silly currentTree ├── lodash.isplainobject@3.2.0
254 silly currentTree ├── lodash.istypedarray@3.0.6
254 silly currentTree ├── lodash.keys@3.1.2
254 silly currentTree ├── lodash.keysin@3.0.8
254 silly currentTree ├── lodash.last@3.0.0
254 silly currentTree ├── lodash.map@3.1.4
254 silly currentTree ├── lodash.merge@3.3.2
254 silly currentTree ├── lodash.pairs@3.0.1
254 silly currentTree ├── lodash.partialright@3.1.1
254 silly currentTree ├── lodash.restparam@3.6.1
254 silly currentTree ├── lodash.toplainobject@3.0.0
254 silly currentTree ├── lru-queue@0.1.0
254 silly currentTree ├── mailgun.js@2.0.1
254 silly currentTree ├── memoizee@0.4.12
254 silly currentTree ├── methods@1.1.2
254 silly currentTree ├── mime-db@1.33.0
254 silly currentTree ├── mime-types@2.1.18
254 silly currentTree ├── minimatch@3.0.4
254 silly currentTree ├── minimist@0.0.8
254 silly currentTree ├── mkdirp@0.5.1
254 silly currentTree ├── ms@2.0.0
254 silly currentTree ├── multi-hashing@0.0.9
254 silly currentTree ├── nan@2.10.0
254 silly currentTree ├── native-or-bluebird@1.2.0
254 silly currentTree ├── next-tick@1.0.0
254 silly currentTree ├── node-pre-gyp@0.6.39
254 silly currentTree ├── nopt@4.0.1
254 silly currentTree ├── npmlog@4.1.2
254 silly currentTree ├── number-is-nan@1.0.1
254 silly currentTree ├── oauth-sign@0.8.2
254 silly currentTree ├── object-assign@4.1.1
254 silly currentTree ├── once@1.4.0
254 silly currentTree ├── os-homedir@1.0.2
254 silly currentTree ├── os-tmpdir@1.0.2
254 silly currentTree ├── osenv@0.1.5
254 silly currentTree ├── path-is-absolute@1.0.1
254 silly currentTree ├── performance-now@0.2.0
254 silly currentTree ├── popsicle-status@0.2.2
254 silly currentTree ├─┬ popsicle@1.4.0
254 silly currentTree │ ├── async@0.9.2
254 silly currentTree │ ├── combined-stream@0.0.7
254 silly currentTree │ ├── delayed-stream@0.0.5
254 silly currentTree │ ├── form-data@0.2.0
254 silly currentTree │ ├── mime-db@1.12.0
254 silly currentTree │ └── mime-types@2.0.14
254 silly currentTree ├── process-nextick-args@2.0.0
254 silly currentTree ├── punycode@1.4.1
254 silly currentTree ├── qs@6.4.0
254 silly currentTree ├─┬ rc@1.2.7
254 silly currentTree │ └── minimist@1.2.0
254 silly currentTree ├── readable-stream@2.3.6
254 silly currentTree ├── redis-commands@1.3.5
254 silly currentTree ├── redis-parser@2.6.0
254 silly currentTree ├── redis@2.8.0
254 silly currentTree ├── request@2.81.0
254 silly currentTree ├── rimraf@2.6.2
254 silly currentTree ├── safe-buffer@5.1.2
254 silly currentTree ├── semver@5.5.0
254 silly currentTree ├── set-blocking@2.0.0
254 silly currentTree ├── signal-exit@3.0.2
254 silly currentTree ├── sntp@1.0.9
254 silly currentTree ├─┬ sshpk@1.14.1
254 silly currentTree │ └── assert-plus@1.0.0
254 silly currentTree ├── string_decoder@1.1.1
254 silly currentTree ├── string-width@1.0.2
254 silly currentTree ├── stringstream@0.0.5
254 silly currentTree ├── strip-ansi@3.0.1
254 silly currentTree ├── strip-json-comments@2.0.1
254 silly currentTree ├── tar-pack@3.4.1
254 silly currentTree ├── tar@2.2.1
254 silly currentTree ├── timers-ext@0.1.5
254 silly currentTree ├── tough-cookie@2.3.4
254 silly currentTree ├── tunnel-agent@0.6.0
254 silly currentTree ├── tweetnacl@0.14.5
254 silly currentTree ├── typedarray@0.0.6
254 silly currentTree ├── uid-number@0.0.6
254 silly currentTree ├── url-join@0.0.1
254 silly currentTree ├── util-deprecate@1.0.2
254 silly currentTree ├── uuid@3.2.1
254 silly currentTree ├─┬ verror@1.10.0
254 silly currentTree │ └── assert-plus@1.0.0
254 silly currentTree ├── wide-align@1.1.2
254 silly currentTree ├── wrappy@1.0.2
254 silly currentTree └── xtend@4.0.1
255 silly idealTree cryptonote-universal-pool@0.0.1
255 silly idealTree ├── abbrev@1.1.1
255 silly idealTree ├── ajv@4.11.8
255 silly idealTree ├── ansi-regex@2.1.1
255 silly idealTree ├── aproba@1.2.0
255 silly idealTree ├── are-we-there-yet@1.1.4
255 silly idealTree ├── arrify@1.0.1
255 silly idealTree ├── asn1@0.2.3
255 silly idealTree ├── assert-plus@0.2.0
255 silly idealTree ├── async@1.5.2
255 silly idealTree ├── asynckit@0.4.0
255 silly idealTree ├── aws-sign2@0.6.0
255 silly idealTree ├── aws4@1.7.0
255 silly idealTree ├── balanced-match@1.0.0
255 silly idealTree ├── base58-native@0.1.4
255 silly idealTree ├── bcrypt-pbkdf@1.0.1
255 silly idealTree ├── bignum@0.12.5
255 silly idealTree ├── bindings@1.3.0
255 silly idealTree ├── block-stream@0.0.9
255 silly idealTree ├── boom@2.10.1
255 silly idealTree ├── brace-expansion@1.1.11
255 silly idealTree ├── btoa@1.2.1
255 silly idealTree ├── buffer-from@1.0.0
255 silly idealTree ├── caseless@0.12.0
255 silly idealTree ├── cli-color@1.2.0
255 silly idealTree ├── co@4.6.0
255 silly idealTree ├── code-point-at@1.1.0
255 silly idealTree ├── combined-stream@1.0.6
255 silly idealTree ├── concat-map@0.0.1
255 silly idealTree ├── concat-stream@1.6.2
255 silly idealTree ├── console-control-strings@1.1.0
255 silly idealTree ├── core-util-is@1.0.2
255 silly idealTree ├── cryptiles@2.0.5
255 silly idealTree ├── cryptonote-util@0.0.1
255 silly idealTree ├── d@1.0.0
255 silly idealTree ├─┬ dashdash@1.14.1
255 silly idealTree │ └── assert-plus@1.0.0
255 silly idealTree ├── dateformat@3.0.3
255 silly idealTree ├── debug@2.6.9
255 silly idealTree ├── deep-extend@0.5.1
255 silly idealTree ├── delayed-stream@1.0.0
255 silly idealTree ├── delegates@1.0.0
255 silly idealTree ├── detect-libc@1.0.3
255 silly idealTree ├── double-ended-queue@2.1.0-0
255 silly idealTree ├── ecc-jsbn@0.1.1
255 silly idealTree ├── es5-ext@0.10.42
255 silly idealTree ├── es6-iterator@2.0.3
255 silly idealTree ├── es6-promise@3.3.1
255 silly idealTree ├── es6-symbol@3.1.1
255 silly idealTree ├── es6-weak-map@2.0.2
255 silly idealTree ├── event-emitter@0.3.5
255 silly idealTree ├── extend@3.0.1
255 silly idealTree ├── extsprintf@1.3.0
255 silly idealTree ├── forever-agent@0.6.1
255 silly idealTree ├── form-data@2.1.4
255 silly idealTree ├── fs.realpath@1.0.0
255 silly idealTree ├── fstream-ignore@1.0.5
255 silly idealTree ├── fstream@1.0.11
255 silly idealTree ├── gauge@2.7.4
255 silly idealTree ├─┬ getpass@0.1.7
255 silly idealTree │ └── assert-plus@1.0.0
255 silly idealTree ├── glob@7.1.2
255 silly idealTree ├── graceful-fs@4.1.11
255 silly idealTree ├── har-schema@1.0.5
255 silly idealTree ├── har-validator@4.2.1
255 silly idealTree ├── has-unicode@2.0.1
255 silly idealTree ├── hawk@3.1.3
255 silly idealTree ├── hoek@2.16.3
255 silly idealTree ├── http-signature@1.1.1
255 silly idealTree ├── infinity-agent@2.0.3
255 silly idealTree ├── inflight@1.0.6
255 silly idealTree ├── inherits@2.0.3
255 silly idealTree ├── ini@1.3.5
255 silly idealTree ├── is-fullwidth-code-point@1.0.0
255 silly idealTree ├── is-promise@2.1.0
255 silly idealTree ├── is-typedarray@1.0.0
255 silly idealTree ├── isarray@1.0.0
255 silly idealTree ├── isstream@0.1.2
255 silly idealTree ├── jsbn@0.1.1
255 silly idealTree ├── json-schema@0.2.3
255 silly idealTree ├── json-stable-stringify@1.0.1
255 silly idealTree ├── json-stringify-safe@5.0.1
255 silly idealTree ├── jsonify@0.0.0
255 silly idealTree ├─┬ jsprim@1.4.1
255 silly idealTree │ └── assert-plus@1.0.0
255 silly idealTree ├── lodash._arraycopy@3.0.0
255 silly idealTree ├── lodash._arrayeach@3.0.0
255 silly idealTree ├── lodash._arraymap@3.0.0
255 silly idealTree ├── lodash._baseassign@3.2.0
255 silly idealTree ├── lodash._basecallback@3.3.1
255 silly idealTree ├── lodash._basecopy@3.0.1
255 silly idealTree ├── lodash._baseeach@3.0.4
255 silly idealTree ├── lodash._basefor@3.0.3
255 silly idealTree ├── lodash._baseisequal@3.0.7
255 silly idealTree ├── lodash._bindcallback@3.0.1
255 silly idealTree ├── lodash._createaggregator@3.0.0
255 silly idealTree ├── lodash._createassigner@3.1.1
255 silly idealTree ├── lodash._createwrapper@3.2.0
255 silly idealTree ├── lodash._getnative@3.9.1
255 silly idealTree ├── lodash._isiterateecall@3.0.9
255 silly idealTree ├── lodash._replaceholders@3.0.0
255 silly idealTree ├── lodash._root@3.0.1
255 silly idealTree ├── lodash.assign@3.2.0
255 silly idealTree ├── lodash.defaults@3.1.2
255 silly idealTree ├── lodash.indexby@3.1.1
255 silly idealTree ├── lodash.isarguments@3.1.0
255 silly idealTree ├── lodash.isarray@3.0.4
255 silly idealTree ├── lodash.isplainobject@3.2.0
255 silly idealTree ├── lodash.istypedarray@3.0.6
255 silly idealTree ├── lodash.keys@3.1.2
255 silly idealTree ├── lodash.keysin@3.0.8
255 silly idealTree ├── lodash.last@3.0.0
255 silly idealTree ├── lodash.map@3.1.4
255 silly idealTree ├── lodash.merge@3.3.2
255 silly idealTree ├── lodash.pairs@3.0.1
255 silly idealTree ├── lodash.partialright@3.1.1
255 silly idealTree ├── lodash.restparam@3.6.1
255 silly idealTree ├── lodash.toplainobject@3.0.0
255 silly idealTree ├── lru-queue@0.1.0
255 silly idealTree ├── mailgun.js@2.0.1
255 silly idealTree ├── memoizee@0.4.12
255 silly idealTree ├── methods@1.1.2
255 silly idealTree ├── mime-db@1.33.0
255 silly idealTree ├── mime-types@2.1.18
255 silly idealTree ├── minimatch@3.0.4
255 silly idealTree ├── minimist@0.0.8
255 silly idealTree ├── mkdirp@0.5.1
255 silly idealTree ├── ms@2.0.0
255 silly idealTree ├── multi-hashing@0.0.9
255 silly idealTree ├── nan@2.10.0
255 silly idealTree ├── native-or-bluebird@1.2.0
255 silly idealTree ├── next-tick@1.0.0
255 silly idealTree ├── node-pre-gyp@0.6.39
255 silly idealTree ├── nopt@4.0.1
255 silly idealTree ├── npmlog@4.1.2
255 silly idealTree ├── number-is-nan@1.0.1
255 silly idealTree ├── oauth-sign@0.8.2
255 silly idealTree ├── object-assign@4.1.1
255 silly idealTree ├── once@1.4.0
255 silly idealTree ├── os-homedir@1.0.2
255 silly idealTree ├── os-tmpdir@1.0.2
255 silly idealTree ├── osenv@0.1.5
255 silly idealTree ├── path-is-absolute@1.0.1
255 silly idealTree ├── performance-now@0.2.0
255 silly idealTree ├── popsicle-status@0.2.2
255 silly idealTree ├─┬ popsicle@1.4.0
255 silly idealTree │ ├── async@0.9.2
255 silly idealTree │ ├── combined-stream@0.0.7
255 silly idealTree │ ├── delayed-stream@0.0.5
255 silly idealTree │ ├── form-data@0.2.0
255 silly idealTree │ ├── mime-db@1.12.0
255 silly idealTree │ └── mime-types@2.0.14
255 silly idealTree ├── process-nextick-args@2.0.0
255 silly idealTree ├── punycode@1.4.1
255 silly idealTree ├── qs@6.4.0
255 silly idealTree ├─┬ rc@1.2.7
255 silly idealTree │ └── minimist@1.2.0
255 silly idealTree ├── readable-stream@2.3.6
255 silly idealTree ├── redis-commands@1.3.5
255 silly idealTree ├── redis-parser@2.6.0
255 silly idealTree ├── redis@2.8.0
255 silly idealTree ├── request@2.81.0
255 silly idealTree ├── rimraf@2.6.2
255 silly idealTree ├── safe-buffer@5.1.2
255 silly idealTree ├── semver@5.5.0
255 silly idealTree ├── set-blocking@2.0.0
255 silly idealTree ├── signal-exit@3.0.2
255 silly idealTree ├── sntp@1.0.9
255 silly idealTree ├─┬ sshpk@1.14.1
255 silly idealTree │ └── assert-plus@1.0.0
255 silly idealTree ├── string_decoder@1.1.1
255 silly idealTree ├── string-width@1.0.2
255 silly idealTree ├── stringstream@0.0.5
255 silly idealTree ├── strip-ansi@3.0.1
255 silly idealTree ├── strip-json-comments@2.0.1
255 silly idealTree ├── tar-pack@3.4.1
255 silly idealTree ├── tar@2.2.1
255 silly idealTree ├── timers-ext@0.1.5
255 silly idealTree ├── tough-cookie@2.3.4
255 silly idealTree ├── tunnel-agent@0.6.0
255 silly idealTree ├── tweetnacl@0.14.5
255 silly idealTree ├── typedarray@0.0.6
255 silly idealTree ├── uid-number@0.0.6
255 silly idealTree ├── url-join@0.0.1
255 silly idealTree ├── util-deprecate@1.0.2
255 silly idealTree ├── uuid@3.2.1
255 silly idealTree ├─┬ verror@1.10.0
255 silly idealTree │ └── assert-plus@1.0.0
255 silly idealTree ├── wide-align@1.1.2
255 silly idealTree ├── wrappy@1.0.2
255 silly idealTree └── xtend@4.0.1
256 silly generateActionsToTake Starting
257 silly install generateActionsToTake
258 silly generateActionsToTake Finishing
259 silly diffTrees action count 2
260 silly diffTrees add cryptonote-util@0.0.1
261 silly diffTrees update multi-hashing@0.0.9
262 silly decomposeActions action count 16
263 silly decomposeActions fetch cryptonote-util@0.0.1
264 silly decomposeActions extract cryptonote-util@0.0.1
265 silly decomposeActions test cryptonote-util@0.0.1
266 silly decomposeActions preinstall cryptonote-util@0.0.1
267 silly decomposeActions build cryptonote-util@0.0.1
268 silly decomposeActions install cryptonote-util@0.0.1
269 silly decomposeActions postinstall cryptonote-util@0.0.1
270 silly decomposeActions finalize cryptonote-util@0.0.1
271 silly decomposeActions fetch multi-hashing@0.0.9
272 silly decomposeActions extract multi-hashing@0.0.9
273 silly decomposeActions test multi-hashing@0.0.9
274 silly decomposeActions preinstall multi-hashing@0.0.9
275 silly decomposeActions build multi-hashing@0.0.9
276 silly decomposeActions install multi-hashing@0.0.9
277 silly decomposeActions postinstall multi-hashing@0.0.9
278 silly decomposeActions finalize multi-hashing@0.0.9
279 silly executeActions Starting
280 silly install executeActions
281 silly doSerial global-install 0
282 silly doParallel fetch 2
283 verbose correctMkdir /home/dev/.npm/_locks correctMkdir not in flight; initializing
284 verbose lock using /home/dev/.npm/_locks/staging-d0fca05c8b4b661d.lock for /home/dev/git/cryptonote-sumokoin-pool/node_modules/.staging
285 silly doParallel extract 2
286 silly extract cryptonote-util@0.0.1
287 silly extract multi-hashing@0.0.9
288 verbose unbuild node_modules/.staging/cryptonote-util-34446f25
289 verbose unbuild node_modules/.staging/multi-hashing-9a4a3ab2
290 silly gentlyRm /home/dev/git/cryptonote-sumokoin-pool/node_modules/.staging/cryptonote-util-34446f25 is being purged from base /home/dev/git/cryptonote-sumokoin-pool
291 verbose gentlyRm don't care about contents; nuking /home/dev/git/cryptonote-sumokoin-pool/node_modules/.staging/cryptonote-util-34446f25
292 silly gentlyRm /home/dev/git/cryptonote-sumokoin-pool/node_modules/.staging/multi-hashing-9a4a3ab2 is being purged from base /home/dev/git/cryptonote-sumokoin-pool
293 verbose gentlyRm don't care about contents; nuking /home/dev/git/cryptonote-sumokoin-pool/node_modules/.staging/multi-hashing-9a4a3ab2
294 verbose tar unpack /home/dev/.npm/cryptonote-util/0.0.1/package.tgz
295 verbose tar unpacking to /home/dev/git/cryptonote-sumokoin-pool/node_modules/.staging/cryptonote-util-34446f25
296 silly gentlyRm /home/dev/git/cryptonote-sumokoin-pool/node_modules/.staging/cryptonote-util-34446f25 is being purged
297 verbose gentlyRm don't care about contents; nuking /home/dev/git/cryptonote-sumokoin-pool/node_modules/.staging/cryptonote-util-34446f25
298 verbose tar unpack /home/dev/.npm/multi-hashing/0.0.9/package.tgz
299 verbose tar unpacking to /home/dev/git/cryptonote-sumokoin-pool/node_modules/.staging/multi-hashing-9a4a3ab2
300 silly gentlyRm /home/dev/git/cryptonote-sumokoin-pool/node_modules/.staging/multi-hashing-9a4a3ab2 is being purged
301 verbose gentlyRm don't care about contents; nuking /home/dev/git/cryptonote-sumokoin-pool/node_modules/.staging/multi-hashing-9a4a3ab2
302 silly gunzTarPerm modes [ '775', '664' ]
303 silly gunzTarPerm modes [ '775', '664' ]
304 silly gunzTarPerm extractEntry package.json
305 silly gunzTarPerm extractEntry package.json
306 silly gunzTarPerm extractEntry .npmignore
307 silly gunzTarPerm extractEntry README.md
308 silly gunzTarPerm extractEntry .npmignore
309 silly gunzTarPerm extractEntry README.md
310 silly gunzTarPerm extractEntry index.js
311 silly gunzTarPerm extractEntry .travis.yml
312 silly gunzTarPerm extractEntry index.js
313 silly gunzTarPerm extractEntry bcrypt.h
314 silly gunzTarPerm extractEntry binding.gyp
315 silly gunzTarPerm extractEntry src/common/int-util.h
316 silly gunzTarPerm extractEntry binding.gyp
317 silly gunzTarPerm extractEntry blake.c
318 silly gunzTarPerm extractEntry src/common/base58.cpp
319 silly gunzTarPerm extractEntry src/common/boost_serialization_helper.h
320 silly gunzTarPerm extractEntry blake.h
321 silly gunzTarPerm extractEntry boolberry.cc
322 silly gunzTarPerm extractEntry src/common/command_line.cpp
323 silly gunzTarPerm extractEntry src/common/command_line.h
324 silly gunzTarPerm extractEntry boolberry.h
325 silly gunzTarPerm extractEntry cn_heavy/cn_slow_hash.hpp
326 silly gunzTarPerm extractEntry src/common/base58.h
327 silly gunzTarPerm extractEntry src/common/pod-class.h
328 silly gunzTarPerm extractEntry cn_heavy/cn_slow_hash_hard_intel.cpp
329 silly gunzTarPerm extractEntry src/common/unordered_containers_boost_serialization.h
330 silly gunzTarPerm extractEntry src/common/util.cpp
331 silly gunzTarPerm extractEntry cn_heavy/cn_slow_hash_soft.cpp
332 silly gunzTarPerm extractEntry crypto/cryptonote_protocol/cryptonote_protocol_defs.h
333 silly gunzTarPerm extractEntry src/common/util.h
334 silly gunzTarPerm extractEntry src/common/varint.h
335 silly gunzTarPerm extractEntry crypto/aesb.c
336 silly gunzTarPerm extractEntry crypto/c_blake256.h
337 silly gunzTarPerm extractEntry src/contrib/epee/README.md
338 silly gunzTarPerm extractEntry src/contrib/epee/LICENSE.txt
339 silly gunzTarPerm extractEntry crypto/c_groestl.c
340 silly gunzTarPerm extractEntry crypto/c_groestl.h
341 silly gunzTarPerm extractEntry crypto/c_jh.c
342 silly gunzTarPerm extractEntry crypto/c_jh.h
343 silly gunzTarPerm extractEntry src/contrib/epee/demo/.npmignore
344 silly gunzTarPerm extractEntry src/contrib/epee/demo/CMakeLists.txt
345 silly gunzTarPerm extractEntry crypto/c_keccak.c
346 silly gunzTarPerm extractEntry crypto/c_keccak.h
347 silly gunzTarPerm extractEntry src/contrib/epee/demo/README.txt
348 silly gunzTarPerm extractEntry src/contrib/epee/demo/demo_http_server/demo_http_server.cpp
349 silly gunzTarPerm extractEntry src/contrib/epee/demo/demo_http_server/demo_http_server.h
350 silly gunzTarPerm extractEntry src/contrib/epee/demo/demo_http_server/stdafx.cpp
351 silly gunzTarPerm extractEntry crypto/c_skein.c
352 silly gunzTarPerm extractEntry crypto/c_skein.h
353 silly gunzTarPerm extractEntry src/contrib/epee/demo/demo_http_server/stdafx.h
354 silly gunzTarPerm extractEntry src/contrib/epee/demo/demo_http_server/targetver.h
355 silly gunzTarPerm extractEntry crypto/crypto.h
356 silly gunzTarPerm extractEntry crypto/cryptonote_core/account.cpp
357 silly gunzTarPerm extractEntry crypto/cryptonote_core/account.h
358 silly gunzTarPerm extractEntry crypto/cryptonote_core/cryptonote_basic_impl.cpp
359 silly gunzTarPerm extractEntry src/contrib/epee/demo/demo_levin_server/demo_levin_server.cpp
360 silly gunzTarPerm extractEntry src/contrib/epee/demo/demo_levin_server/demo_levin_server.h
361 silly gunzTarPerm extractEntry crypto/cryptonote_core/cryptonote_basic_impl.h
362 silly gunzTarPerm extractEntry crypto/cryptonote_core/cryptonote_format_utils.cpp
363 silly gunzTarPerm extractEntry src/contrib/epee/demo/demo_levin_server/stdafx.cpp
364 silly gunzTarPerm extractEntry src/contrib/epee/demo/demo_levin_server/stdafx.h
365 silly gunzTarPerm extractEntry crypto/cryptonote_core/cryptonote_format_utils.h
366 silly gunzTarPerm extractEntry crypto/c_blake256.c
367 silly gunzTarPerm extractEntry src/contrib/epee/demo/demo_levin_server/targetver.h
368 silly gunzTarPerm extractEntry src/contrib/epee/demo/generate_gcc.sh
369 silly gunzTarPerm extractEntry crypto/groestl_tables.h
370 silly gunzTarPerm extractEntry crypto/hash-ops.h
371 silly gunzTarPerm extractEntry src/contrib/epee/demo/generate_vc_proj.bat
372 silly gunzTarPerm extractEntry src/contrib/epee/demo/iface/transport_defs.h
373 silly gunzTarPerm extractEntry crypto/hash.c
374 silly gunzTarPerm extractEntry crypto/hash.h
375 silly gunzTarPerm extractEntry src/contrib/epee/include/reg_exp_definer.h
376 silly gunzTarPerm extractEntry src/contrib/epee/include/ado_db_helper.h
377 silly gunzTarPerm extractEntry crypto/hash.hpp
378 silly gunzTarPerm extractEntry crypto/int-util.h
379 silly gunzTarPerm extractEntry src/contrib/epee/include/copyable_atomic.h
380 silly gunzTarPerm extractEntry src/contrib/epee/include/file_io_utils.h
381 silly gunzTarPerm extractEntry crypto/oaes_config.h
382 silly gunzTarPerm extractEntry crypto/oaes_lib.c
383 silly gunzTarPerm extractEntry crypto/oaes_lib.h
384 silly gunzTarPerm extractEntry crypto/skein_port.h
385 silly gunzTarPerm extractEntry src/contrib/epee/include/global_stream_operators.h
386 silly gunzTarPerm extractEntry src/contrib/epee/include/gzip_encoding.h
387 silly gunzTarPerm extractEntry crypto/wild_keccak.cpp
388 silly gunzTarPerm extractEntry crypto/wild_keccak.h
389 silly gunzTarPerm extractEntry src/contrib/epee/include/hmac-md5.h
390 silly gunzTarPerm extractEntry src/contrib/epee/include/include_base_utils.h
391 silly gunzTarPerm extractEntry cryptonight.c
392 silly gunzTarPerm extractEntry cryptonight.h
393 silly gunzTarPerm extractEntry src/contrib/epee/include/math_helper.h
394 silly gunzTarPerm extractEntry src/contrib/epee/include/md5_l.h
395 silly gunzTarPerm extractEntry src/contrib/epee/include/md5_l.inl
396 silly gunzTarPerm extractEntry src/contrib/epee/include/md5global.h
397 silly gunzTarPerm extractEntry fresh.c
398 silly gunzTarPerm extractEntry fresh.h
399 silly gunzTarPerm extractEntry fugue.c
400 silly gunzTarPerm extractEntry fugue.h
401 silly gunzTarPerm extractEntry groestl.c
402 silly gunzTarPerm extractEntry src/contrib/epee/include/misc_language.h
403 silly gunzTarPerm extractEntry src/contrib/epee/include/misc_log_ex.h
404 silly gunzTarPerm extractEntry groestl.h
405 silly gunzTarPerm extractEntry hefty1.c
406 silly gunzTarPerm extractEntry hefty1.h
407 silly gunzTarPerm extractEntry x15.h
408 silly gunzTarPerm extractEntry keccak.c
409 silly gunzTarPerm extractEntry src/contrib/epee/include/misc_os_dependent.h
410 silly gunzTarPerm extractEntry src/contrib/epee/include/net/levin_client.inl
411 silly gunzTarPerm extractEntry src/contrib/epee/include/net/abstract_tcp_server.h
412 silly gunzTarPerm extractEntry src/contrib/epee/include/net/abstract_tcp_server2.inl
413 silly gunzTarPerm extractEntry keccak.h
414 silly gunzTarPerm extractEntry multihashing.cc
415 silly gunzTarPerm extractEntry src/contrib/epee/include/net/abstract_tcp_server_cp.h
416 silly gunzTarPerm extractEntry src/contrib/epee/include/net/abstract_tcp_server_cp.inl
417 silly gunzTarPerm extractEntry .travis.yml
418 silly gunzTarPerm extractEntry nist5.h
419 silly gunzTarPerm extractEntry src/contrib/epee/include/net/http_base.h
420 silly gunzTarPerm extractEntry src/contrib/epee/include/net/http_client.h
421 silly gunzTarPerm extractEntry bcrypt.c
422 silly gunzTarPerm extractEntry quark.c
423 silly gunzTarPerm extractEntry src/contrib/epee/include/net/http_client_abstract_invoke.h
424 silly gunzTarPerm extractEntry src/contrib/epee/include/net/http_client_base.h
425 silly gunzTarPerm extractEntry quark.h
426 silly gunzTarPerm extractEntry qubit.c
427 silly gunzTarPerm extractEntry src/contrib/epee/include/net/http_client_via_api_helper.h
428 silly gunzTarPerm extractEntry src/contrib/epee/include/net/http_protocol_handler.h
429 silly gunzTarPerm extractEntry qubit.h
430 silly gunzTarPerm extractEntry scryptjane/scrypt-jane-mix_salsa-sse2.h
431 silly gunzTarPerm extractEntry src/contrib/epee/include/net/http_protocol_handler.inl
432 silly gunzTarPerm extractEntry scryptjane/scrypt-jane-chacha.h
433 silly gunzTarPerm extractEntry scryptjane/scrypt-jane-hash_keccak.h
434 silly gunzTarPerm extractEntry src/contrib/epee/include/net/http_server_cp.h
435 silly gunzTarPerm extractEntry src/contrib/epee/include/net/http_server_cp2.h
436 silly gunzTarPerm extractEntry scryptjane/scrypt-jane-hash_sha256.h
437 silly gunzTarPerm extractEntry scryptjane/scrypt-jane-mix_chacha-avx.h
438 silly gunzTarPerm extractEntry scryptjane/scrypt-jane-mix_chacha-sse2.h
439 silly gunzTarPerm extractEntry scryptjane/scrypt-jane-mix_chacha-ssse3.h
440 silly gunzTarPerm extractEntry src/contrib/epee/include/net/http_server_handlers_map2.h
441 silly gunzTarPerm extractEntry src/contrib/epee/include/net/http_server_impl_base.h
442 silly gunzTarPerm extractEntry scryptjane/scrypt-jane-mix_chacha.h
443 silly gunzTarPerm extractEntry scryptjane/scrypt-jane-mix_salsa-avx.h
444 silly gunzTarPerm extractEntry src/contrib/epee/include/net/http_server_thread_per_connect.h
445 silly gunzTarPerm extractEntry src/contrib/epee/include/net/levin_base.h
446 silly gunzTarPerm extractEntry scryptjane/scrypt-jane-hash.h
447 silly gunzTarPerm extractEntry scryptjane/scrypt-jane-mix_salsa.h
448 silly gunzTarPerm extractEntry src/contrib/epee/include/net/levin_client.h
449 silly gunzTarPerm extractEntry src/contrib/epee/include/net/abstract_tcp_server2.h
450 silly gunzTarPerm extractEntry scryptjane/scrypt-jane-pbkdf2.h
451 silly gunzTarPerm extractEntry scryptjane/scrypt-jane-portable-x86.h
452 silly gunzTarPerm extractEntry src/contrib/epee/include/net/levin_client_async.h
453 silly gunzTarPerm extractEntry src/contrib/epee/include/net/levin_client_async.inl
454 silly gunzTarPerm extractEntry scryptjane/scrypt-jane-portable.h
455 silly gunzTarPerm extractEntry scryptjane/scrypt-jane-romix-basic.h
456 silly gunzTarPerm extractEntry src/contrib/epee/include/net/levin_helper.h
457 silly gunzTarPerm extractEntry src/contrib/epee/include/net/levin_protocol_handler.h
458 silly gunzTarPerm extractEntry src/contrib/epee/include/net/levin_protocol_handler_async.h
459 silly gunzTarPerm extractEntry src/contrib/epee/include/net/levin_server_cp.h
460 silly gunzTarPerm extractEntry scryptjane/scrypt-jane-romix-template.h
461 silly gunzTarPerm extractEntry scryptjane/scrypt-jane-romix.h
462 silly gunzTarPerm extractEntry src/contrib/epee/include/net/levin_server_cp2.h
463 silly gunzTarPerm extractEntry scryptjane/scrypt-jane-salsa.h
464 silly gunzTarPerm extractEntry scryptjane/scrypt-jane-test-vectors.h
465 silly gunzTarPerm extractEntry src/contrib/epee/include/net/local_ip.h
466 silly gunzTarPerm extractEntry src/contrib/epee/include/net/multiprotocols_server.h
467 silly gunzTarPerm extractEntry scryptjane.c
468 silly gunzTarPerm extractEntry scryptjane.h
469 silly gunzTarPerm extractEntry src/contrib/epee/include/net/munin_connection_handler.h
470 silly gunzTarPerm extractEntry src/contrib/epee/include/net/munin_node_server.h
471 silly gunzTarPerm extractEntry scryptn.c
472 silly gunzTarPerm extractEntry scryptn.h
473 silly gunzTarPerm extractEntry src/contrib/epee/include/net/net_helper.h
474 silly gunzTarPerm extractEntry src/contrib/epee/include/net/net_parse_helpers.h
475 silly gunzTarPerm extractEntry sha1.c
476 silly gunzTarPerm extractEntry sha1.h
477 silly gunzTarPerm extractEntry src/contrib/epee/include/net/net_utils_base.h
478 silly gunzTarPerm extractEntry src/contrib/epee/include/net/protocol_switcher.h
479 silly gunzTarPerm extractEntry sha256.h
480 silly gunzTarPerm extractEntry sha3/sph_hefty1.h
481 silly gunzTarPerm extractEntry sha3/aes_helper.c
482 silly gunzTarPerm extractEntry sha3/hamsi_helper.c
483 silly gunzTarPerm extractEntry src/contrib/epee/include/net/rpc_method_name.h
484 silly gunzTarPerm extractEntry src/contrib/epee/include/net/smtp.h
485 silly gunzTarPerm extractEntry src/contrib/epee/include/net/smtp.inl
486 silly gunzTarPerm extractEntry src/contrib/epee/include/net/smtp_helper.h
487 silly gunzTarPerm extractEntry src/contrib/epee/include/pragma_comp_defs.h
488 silly gunzTarPerm extractEntry src/contrib/epee/include/profile_tools.h
489 silly gunzTarPerm extractEntry src/contrib/epee/include/console_handler.h
490 silly gunzTarPerm extractEntry src/contrib/epee/include/reg_utils.h
491 silly gunzTarPerm extractEntry src/contrib/epee/include/serialization/enableable.h
492 silly gunzTarPerm extractEntry src/contrib/epee/include/serialization/keyvalue_serialization.h
493 silly gunzTarPerm extractEntry src/contrib/epee/include/serialization/keyvalue_serialization_overloads.h
494 silly gunzTarPerm extractEntry src/contrib/epee/include/serialization/serialize_base.h
495 silly gunzTarPerm extractEntry src/contrib/epee/include/service_impl_base.h
496 silly gunzTarPerm extractEntry src/contrib/epee/include/sha1.h
497 silly gunzTarPerm extractEntry src/contrib/epee/include/sha1.inl
498 silly gunzTarPerm extractEntry src/contrib/epee/include/soci_helper.h
499 silly gunzTarPerm extractEntry src/contrib/epee/include/static_initializer.h
500 silly gunzTarPerm extractEntry src/contrib/epee/include/storages/portable_storage_base.h
501 silly gunzTarPerm extractEntry src/contrib/epee/include/storages/activity_notifier.h
502 silly gunzTarPerm extractEntry src/contrib/epee/include/storages/gzipped_inmemstorage.h
503 silly gunzTarPerm extractEntry src/contrib/epee/include/storages/http_abstract_invoke.h
504 silly gunzTarPerm extractEntry src/contrib/epee/include/storages/levin_abstract_invoke2.h
505 silly gunzTarPerm extractEntry src/contrib/epee/include/storages/parserse_base_utils.h
506 silly gunzTarPerm extractEntry src/contrib/epee/include/storages/portable_storage.h
507 silly gunzTarPerm extractEntry src/contrib/epee/include/storages/crypted_storage.h
508 silly gunzTarPerm extractEntry src/contrib/epee/include/storages/portable_storage_from_bin.h
509 silly gunzTarPerm extractEntry src/contrib/epee/include/storages/portable_storage_from_json.h
510 silly gunzTarPerm extractEntry src/contrib/epee/include/storages/portable_storage_template_helper.h
511 silly gunzTarPerm extractEntry src/contrib/epee/include/storages/portable_storage_to_bin.h
512 silly gunzTarPerm extractEntry src/contrib/epee/include/storages/portable_storage_to_json.h
513 silly gunzTarPerm extractEntry src/contrib/epee/include/storages/portable_storage_val_converters.h
514 silly gunzTarPerm extractEntry src/contrib/epee/include/string_coding.h
515 silly gunzTarPerm extractEntry sha3/md_helper.c
516 silly gunzTarPerm extractEntry sha3/sph_blake.c
517 silly gunzTarPerm extractEntry sha3/sph_blake.h
518 silly gunzTarPerm extractEntry src/contrib/epee/include/string_tools.h
519 silly gunzTarPerm extractEntry src/contrib/epee/include/syncobj.h
520 silly gunzTarPerm extractEntry src/contrib/epee/include/time_helper.h
521 silly gunzTarPerm extractEntry src/contrib/epee/include/tiny_ini.h
522 silly gunzTarPerm extractEntry sha3/sph_bmw.c
523 silly gunzTarPerm extractEntry sha3/sph_bmw.h
524 silly gunzTarPerm extractEntry src/contrib/epee/include/to_nonconst_iterator.h
525 silly gunzTarPerm extractEntry src/contrib/epee/include/warnings.h
526 silly gunzTarPerm extractEntry sha3/sph_cubehash.c
527 silly gunzTarPerm extractEntry sha3/sph_cubehash.h
528 silly gunzTarPerm extractEntry src/contrib/epee/include/winobj.h
529 silly gunzTarPerm extractEntry src/contrib/epee/include/zlib_helper.h
530 silly gunzTarPerm extractEntry src/contrib/epee/tests/.npmignore
531 silly gunzTarPerm extractEntry sha3/sph_echo.c
532 silly gunzTarPerm extractEntry sha3/sph_echo.h
533 silly gunzTarPerm extractEntry src/contrib/epee/tests/data/storages/invalid_storage_1.bin
534 silly gunzTarPerm extractEntry sha3/sph_fugue.c
535 silly gunzTarPerm extractEntry sha3/sph_fugue.h
536 silly gunzTarPerm extractEntry sha3/sph_groestl.c
537 silly gunzTarPerm extractEntry src/contrib/epee/tests/data/storages/invalid_storage_2.bin
538 silly gunzTarPerm extractEntry src/contrib/epee/tests/data/storages/invalid_storage_3.bin
539 silly gunzTarPerm extractEntry sha3/sph_groestl.h
540 silly gunzTarPerm extractEntry sha3/sph_hamsi.h
541 silly gunzTarPerm extractEntry src/contrib/epee/tests/data/storages/invalid_storage_4.bin
542 silly gunzTarPerm extractEntry src/contrib/epee/tests/data/storages/valid_storage.bin
543 silly gunzTarPerm extractEntry sha3/sph_hefty1.c
544 silly gunzTarPerm extractEntry sha3/hamsi.c
545 silly gunzTarPerm extractEntry src/contrib/epee/tests/generate_vc_proj.bat
546 silly gunzTarPerm extractEntry src/contrib/epee/tests/src/CMakeLists.txt
547 silly gunzTarPerm extractEntry sha3/sph_jh.c
548 silly gunzTarPerm extractEntry sha3/sph_jh.h
549 silly gunzTarPerm extractEntry sha3/sph_keccak.c
550 silly gunzTarPerm extractEntry src/contrib/epee/tests/src/misc/test_math.h
551 silly gunzTarPerm extractEntry src/contrib/epee/tests/src/net/test_net.h
552 silly gunzTarPerm extractEntry sha3/sph_keccak.h
553 silly gunzTarPerm extractEntry sha3/sph_luffa.c
554 silly gunzTarPerm extractEntry src/contrib/epee/tests/src/storages/portable_storages_test.h
555 silly gunzTarPerm extractEntry src/contrib/epee/tests/src/storages/storage_tests.h
556 silly gunzTarPerm extractEntry src/contrib/epee/tests/src/tests.cpp
557 silly gunzTarPerm extractEntry src/crypto/hash-ops.h
558 silly gunzTarPerm extractEntry sha3/sph_luffa.h
559 silly gunzTarPerm extractEntry sha3/sph_shabal.c
560 silly gunzTarPerm extractEntry src/crypto/blake256.c
561 silly gunzTarPerm extractEntry src/crypto/chacha8.c
562 silly gunzTarPerm extractEntry sha3/sph_shabal.h
563 silly gunzTarPerm extractEntry sha3/sph_shavite.c
564 silly gunzTarPerm extractEntry src/crypto/chacha8.h
565 silly gunzTarPerm extractEntry src/crypto/crypto-ops-data.c
566 silly gunzTarPerm extractEntry sha3/sph_shavite.h
567 silly gunzTarPerm extractEntry sha3/sph_simd.c
568 silly gunzTarPerm extractEntry src/crypto/crypto-ops.c
569 silly gunzTarPerm extractEntry src/crypto/crypto-ops.h
570 silly gunzTarPerm extractEntry sha3/sph_simd.h
571 silly gunzTarPerm extractEntry sha3/sph_skein.c
572 silly gunzTarPerm extractEntry src/crypto/crypto.cpp
573 silly gunzTarPerm extractEntry src/crypto/crypto.h
574 silly gunzTarPerm extractEntry sha3/sph_skein.h
575 silly gunzTarPerm extractEntry sha3/sph_types.h
576 silly gunzTarPerm extractEntry src/crypto/generic-ops.h
577 silly gunzTarPerm extractEntry src/crypto/groestl.c
578 silly gunzTarPerm extractEntry sha3/sph_whirlpool.c
579 silly gunzTarPerm extractEntry src/crypto/groestl.h
580 silly gunzTarPerm extractEntry src/crypto/groestl_tables.h
581 silly gunzTarPerm extractEntry sha3/sph_whirlpool.h
582 silly gunzTarPerm extractEntry shavite3.c
583 silly gunzTarPerm extractEntry src/crypto/hash-extra-blake.c
584 silly gunzTarPerm extractEntry src/crypto/hash-extra-groestl.c
585 silly gunzTarPerm extractEntry shavite3.h
586 silly gunzTarPerm extractEntry skein.c
587 silly gunzTarPerm extractEntry src/crypto/hash-extra-jh.c
588 silly gunzTarPerm extractEntry src/crypto/hash-extra-skein.c
589 silly gunzTarPerm extractEntry skein.h
590 silly gunzTarPerm extractEntry stdint.h
591 silly gunzTarPerm extractEntry src/crypto/blake256.h
592 silly gunzTarPerm extractEntry src/crypto/hash.c
593 silly gunzTarPerm extractEntry src/crypto/hash.h
594 silly gunzTarPerm extractEntry src/crypto/initializer.h
595 silly gunzTarPerm extractEntry x11.c
596 silly gunzTarPerm extractEntry x11.h
597 silly gunzTarPerm extractEntry src/crypto/jh.c
598 silly gunzTarPerm extractEntry src/crypto/jh.h
599 silly gunzTarPerm extractEntry x13.c
600 silly gunzTarPerm extractEntry x13.h
601 silly gunzTarPerm extractEntry src/crypto/keccak.c
602 silly gunzTarPerm extractEntry src/crypto/keccak.h
603 silly gunzTarPerm extractEntry x15.c
604 silly gunzTarPerm extractEntry nist5.c
605 silly gunzTarPerm extractEntry src/crypto/oaes_config.h
606 silly gunzTarPerm extractEntry src/crypto/oaes_lib.c
607 silly gunzTarPerm extractEntry src/crypto/oaes_lib.h
608 silly gunzTarPerm extractEntry src/crypto/random.c
609 silly gunzTarPerm extractEntry src/crypto/random.h
610 silly gunzTarPerm extractEntry src/crypto/skein.c
611 silly gunzTarPerm extractEntry src/crypto/skein.h
612 silly gunzTarPerm extractEntry src/crypto/skein_port.h
613 silly gunzTarPerm extractEntry src/crypto/slow-hash.c
614 silly gunzTarPerm extractEntry src/crypto/tree-hash.c
615 silly gunzTarPerm extractEntry src/cryptonote_config.h
616 silly gunzTarPerm extractEntry src/cryptonote_core/cryptonote_boost_serialization.h
617 silly gunzTarPerm extractEntry src/cryptonote_core/account.cpp
618 silly gunzTarPerm extractEntry src/cryptonote_core/account_boost_serialization.h
619 silly gunzTarPerm extractEntry src/cryptonote_core/blockchain_storage.cpp
620 silly gunzTarPerm extractEntry src/cryptonote_core/blockchain_storage.h
621 silly gunzTarPerm extractEntry src/cryptonote_core/blockchain_storage_boost_serialization.h
622 silly gunzTarPerm extractEntry src/cryptonote_core/checkpoints.cpp
623 silly gunzTarPerm extractEntry src/cryptonote_core/checkpoints.h
624 silly gunzTarPerm extractEntry src/cryptonote_core/checkpoints_create.h
625 silly gunzTarPerm extractEntry src/cryptonote_core/connection_context.h
626 silly gunzTarPerm extractEntry src/cryptonote_core/cryptonote_basic.h
627 silly gunzTarPerm extractEntry src/cryptonote_core/cryptonote_basic_impl.cpp
628 silly gunzTarPerm extractEntry src/cryptonote_core/cryptonote_basic_impl.h
629 silly gunzTarPerm extractEntry src/cryptonote_core/account.h
630 silly gunzTarPerm extractEntry src/cryptonote_core/cryptonote_core.cpp
631 silly gunzTarPerm extractEntry src/cryptonote_core/cryptonote_core.h
632 silly gunzTarPerm extractEntry src/cryptonote_core/cryptonote_format_utils.cpp
633 silly gunzTarPerm extractEntry src/cryptonote_core/cryptonote_format_utils.h
634 silly gunzTarPerm extractEntry src/cryptonote_core/cryptonote_stat_info.h
635 silly gunzTarPerm extractEntry src/cryptonote_core/difficulty.cpp
636 silly gunzTarPerm extractEntry src/cryptonote_core/difficulty.h
637 silly gunzTarPerm extractEntry src/cryptonote_core/miner.cpp
638 silly gunzTarPerm extractEntry src/cryptonote_core/miner.h
639 silly gunzTarPerm extractEntry src/cryptonote_core/tx_extra.h
640 silly gunzTarPerm extractEntry src/cryptonote_core/tx_pool.cpp
641 silly gunzTarPerm extractEntry src/cryptonote_core/tx_pool.h
642 silly gunzTarPerm extractEntry src/cryptonote_core/verification_context.h
643 silly gunzTarPerm extractEntry src/cryptonote_protocol/blobdatatype.h
644 silly gunzTarPerm extractEntry src/cryptonote_protocol/cryptonote_protocol_defs.h
645 silly gunzTarPerm extractEntry src/cryptonote_protocol/cryptonote_protocol_handler.h
646 silly gunzTarPerm extractEntry src/cryptonote_protocol/cryptonote_protocol_handler.inl
647 silly gunzTarPerm extractEntry src/cryptonote_protocol/cryptonote_protocol_handler_common.h
648 silly gunzTarPerm extractEntry src/main.cc
649 silly gunzTarPerm extractEntry src/p2p/net_node.h
650 silly gunzTarPerm extractEntry src/p2p/net_node.inl
651 silly gunzTarPerm extractEntry src/p2p/net_node_common.h
652 silly gunzTarPerm extractEntry src/p2p/net_peerlist.h
653 silly gunzTarPerm extractEntry src/p2p/net_peerlist_boost_serialization.h
654 silly gunzTarPerm extractEntry src/p2p/p2p_networks.h
655 silly gunzTarPerm extractEntry src/p2p/p2p_protocol_defs.h
656 silly gunzTarPerm extractEntry src/p2p/stdafx.h
657 silly gunzTarPerm extractEntry src/ringct/rctTypes.h
658 silly gunzTarPerm extractEntry src/serialization/binary_archive.h
659 silly gunzTarPerm extractEntry src/serialization/binary_utils.h
660 silly gunzTarPerm extractEntry src/serialization/crypto.h
661 silly gunzTarPerm extractEntry src/serialization/debug_archive.h
662 silly gunzTarPerm extractEntry src/serialization/json_archive.h
663 silly gunzTarPerm extractEntry src/serialization/json_utils.h
664 silly gunzTarPerm extractEntry src/serialization/serialization.h
665 silly gunzTarPerm extractEntry src/serialization/string.h
666 silly gunzTarPerm extractEntry src/serialization/variant.h
667 silly gunzTarPerm extractEntry src/serialization/vector.h
668 silly gentlyRm /home/dev/git/cryptonote-sumokoin-pool/node_modules/.staging/multi-hashing-9a4a3ab2/node_modules is being purged
669 verbose gentlyRm don't care about contents; nuking /home/dev/git/cryptonote-sumokoin-pool/node_modules/.staging/multi-hashing-9a4a3ab2/node_modules
670 silly gentlyRm /home/dev/git/cryptonote-sumokoin-pool/node_modules/.staging/cryptonote-util-34446f25/node_modules is being purged
671 verbose gentlyRm don't care about contents; nuking /home/dev/git/cryptonote-sumokoin-pool/node_modules/.staging/cryptonote-util-34446f25/node_modules
672 silly doParallel preinstall 2
673 silly preinstall cryptonote-util@0.0.1 /home/dev/git/cryptonote-sumokoin-pool/node_modules/.staging/cryptonote-util-34446f25
674 info lifecycle cryptonote-util@0.0.1~preinstall: cryptonote-util@0.0.1
675 silly preinstall multi-hashing@0.0.9 /home/dev/git/cryptonote-sumokoin-pool/node_modules/.staging/multi-hashing-9a4a3ab2
676 info lifecycle multi-hashing@0.0.9~preinstall: multi-hashing@0.0.9
677 silly lifecycle cryptonote-util@0.0.1~preinstall: no script for preinstall, continuing
678 silly lifecycle multi-hashing@0.0.9~preinstall: no script for preinstall, continuing
679 silly doReverseSerial remove 0
680 silly doSerial move 0
681 silly doSerial finalize 2
682 silly finalize /home/dev/git/cryptonote-sumokoin-pool/node_modules/cryptonote-util
683 silly finalize /home/dev/git/cryptonote-sumokoin-pool/node_modules/multi-hashing
684 silly doSerial build 2
685 silly build cryptonote-util@0.0.1
686 info linkStuff cryptonote-util@0.0.1
687 silly linkStuff cryptonote-util@0.0.1 has /home/dev/git/cryptonote-sumokoin-pool/node_modules as its parent node_modules
688 verbose linkBins cryptonote-util@0.0.1
689 verbose linkMans cryptonote-util@0.0.1
690 silly build multi-hashing@0.0.9
691 info linkStuff multi-hashing@0.0.9
692 silly linkStuff multi-hashing@0.0.9 has /home/dev/git/cryptonote-sumokoin-pool/node_modules as its parent node_modules
693 verbose linkBins multi-hashing@0.0.9
694 verbose linkMans multi-hashing@0.0.9
695 silly doSerial global-link 0
696 silly doParallel update-linked 0
697 silly doSerial install 2
698 silly install cryptonote-util@0.0.1 /home/dev/git/cryptonote-sumokoin-pool/node_modules/.staging/cryptonote-util-34446f25
699 info lifecycle cryptonote-util@0.0.1~install: cryptonote-util@0.0.1
700 verbose lifecycle cryptonote-util@0.0.1~install: unsafe-perm in lifecycle true
701 verbose lifecycle cryptonote-util@0.0.1~install: PATH: /home/dev/.nvm/versions/node/v6.3.0/lib/node_modules/npm/bin/node-gyp-bin:/home/dev/git/cryptonote-sumokoin-pool/node_modules/cryptonote-util/node_modules/.bin:/home/dev/git/cryptonote-sumokoin-pool/node_modules/.bin:/home/dev/.nvm/versions/node/v6.3.0/bin:/home/dev/.nvm/versions/node/v6.3.0/bin:/home/dev/bin:/home/dev/.local/bin:/usr/local/sbin:/usr/local/bin:/usr/sbin:/usr/bin:/sbin:/bin:/usr/games:/usr/local/games:/snap/bin
702 verbose lifecycle cryptonote-util@0.0.1~install: CWD: /home/dev/git/cryptonote-sumokoin-pool/node_modules/cryptonote-util
703 silly lifecycle cryptonote-util@0.0.1~install: Args: [ '-c', 'node-gyp rebuild' ]
704 silly lifecycle cryptonote-util@0.0.1~install: Returned: code: 1  signal: null
705 info lifecycle cryptonote-util@0.0.1~install: Failed to exec install script
706 verbose unlock done using /home/dev/.npm/_locks/staging-d0fca05c8b4b661d.lock for /home/dev/git/cryptonote-sumokoin-pool/node_modules/.staging
707 silly rollbackFailedOptional Starting
708 silly rollbackFailedOptional Finishing
709 silly runTopLevelLifecycles Starting
710 silly runTopLevelLifecycles Finishing
711 silly install printInstalled
712 verbose stack Error: cryptonote-util@0.0.1 install: `node-gyp rebuild`
712 verbose stack Exit status 1
712 verbose stack     at EventEmitter.<anonymous> (/home/dev/.nvm/versions/node/v6.3.0/lib/node_modules/npm/lib/utils/lifecycle.js:242:16)
712 verbose stack     at emitTwo (events.js:106:13)
712 verbose stack     at EventEmitter.emit (events.js:191:7)
712 verbose stack     at ChildProcess.<anonymous> (/home/dev/.nvm/versions/node/v6.3.0/lib/node_modules/npm/lib/utils/spawn.js:40:14)
712 verbose stack     at emitTwo (events.js:106:13)
712 verbose stack     at ChildProcess.emit (events.js:191:7)
712 verbose stack     at maybeClose (internal/child_process.js:852:16)
712 verbose stack     at Process.ChildProcess._handle.onexit (internal/child_process.js:215:5)
713 verbose pkgid cryptonote-util@0.0.1
714 verbose cwd /home/dev/git/cryptonote-sumokoin-pool
715 error Linux 4.10.0-28-generic
716 error argv "/home/dev/.nvm/versions/node/v6.3.0/bin/node" "/home/dev/.nvm/versions/node/v6.3.0/bin/npm" "update"
717 error node v6.3.0
718 error npm  v3.10.3
719 error code ELIFECYCLE
720 error cryptonote-util@0.0.1 install: `node-gyp rebuild`
720 error Exit status 1
721 error Failed at the cryptonote-util@0.0.1 install script 'node-gyp rebuild'.
721 error Make sure you have the latest version of node.js and npm installed.
721 error If you do, this is most likely a problem with the cryptonote-util package,
721 error not with npm itself.
721 error Tell the author that this fails on your system:
721 error     node-gyp rebuild
721 error You can get information on how to open an issue for this project with:
721 error     npm bugs cryptonote-util
721 error Or if that isn't available, you can get their info via:
721 error     npm owner ls cryptonote-util
721 error There is likely additional logging output above.
722 verbose exit [ 1, true ]
